2017-10-09 20:44:38,027 golem INFO Test execution started: project/add_directory_to_pages
2017-10-09 20:44:38,027 golem INFO Browser: chrome
2017-10-09 20:44:38,027 golem INFO Environment: test
2017-10-09 20:44:38,028 golem INFO Using data: 
    url: http://localhost:8000

2017-10-09 20:44:40,073 golem INFO Navigate to: 'http://localhost:8000'
2017-10-09 20:44:40,096 golem DEBUG Element found
2017-10-09 20:44:40,180 golem INFO Write 'admin' in element username
2017-10-09 20:44:40,196 golem DEBUG Element found
2017-10-09 20:44:40,256 golem INFO Write 'admin' in element password
2017-10-09 20:44:40,273 golem DEBUG Element found
2017-10-09 20:44:40,294 golem INFO Click login_button
2017-10-09 20:44:40,621 golem INFO Random value generated: sicbz
2017-10-09 20:44:40,621 golem INFO Store value sicbz in key directory_name
2017-10-09 20:44:40,736 golem DEBUG Element found
2017-10-09 20:44:40,771 golem DEBUG Element found
2017-10-09 20:44:40,801 golem DEBUG Element found
2017-10-09 20:44:40,884 golem DEBUG Element found
2017-10-09 20:44:40,941 golem INFO Write 'sicbz/' in element None
2017-10-09 20:44:40,941 golem INFO Press key: ENTER
2017-10-09 20:44:40,955 golem INFO Waiting for 3 seconds
2017-10-09 20:44:43,962 golem DEBUG Element found
2017-10-09 20:44:43,986 golem INFO Assert that 0 equals 1
2017-10-09 20:44:43,987 golem INFO Take screenshot error
2017-10-09 20:44:44,513 golem ERROR An error ocurred:
Traceback (most recent call last):
  File "/Users/lucianofeo/Desktop/golem/src/golem/test_runner/test_runner.py", line 115, in run_test
    test_module.test(execution.data)
  File "/Users/lucianofeo/Desktop/golem/example/projects/golem/tests/project/add_directory_to_pages.py", line 17, in test
    project.verify_page_directory_exists(data.directory_name)
  File "/Users/lucianofeo/Desktop/golem/example/projects/golem/pages/project.py", line 121, in verify_page_directory_exists
    actions.assert_equals(len(tree_elements), 1)
  File "/Users/lucianofeo/Desktop/golem/src/golem/actions.py", line 56, in assert_equals
    raise Exception('Expected {} to equal {}'.format(actual_value, expected_value))
Exception: Expected 0 to equal 1
2017-10-09 20:44:44,513 golem INFO Close driver
