20:44:38.027 INFO Test execution started: project/add_directory_to_pages
20:44:38.027 INFO Browser: chrome
20:44:38.027 INFO Environment: test
20:44:38.028 INFO Using data: 
    url: http://localhost:8000

20:44:40.073 INFO Navigate to: 'http://localhost:8000'
20:44:40.180 INFO Write 'admin' in element username
20:44:40.256 INFO Write 'admin' in element password
20:44:40.294 INFO Click login_button
20:44:40.621 INFO Random value generated: sicbz
20:44:40.621 INFO Store value sicbz in key directory_name
20:44:40.941 INFO Write 'sicbz/' in element None
20:44:40.941 INFO Press key: ENTER
20:44:40.955 INFO Waiting for 3 seconds
20:44:43.986 INFO Assert that 0 equals 1
20:44:43.987 INFO Take screenshot error
20:44:44.513 ERROR An error ocurred:
Traceback (most recent call last):
  File "/Users/lucianofeo/Desktop/golem/src/golem/test_runner/test_runner.py", line 115, in run_test
    test_module.test(execution.data)
  File "/Users/lucianofeo/Desktop/golem/example/projects/golem/tests/project/add_directory_to_pages.py", line 17, in test
    project.verify_page_directory_exists(data.directory_name)
  File "/Users/lucianofeo/Desktop/golem/example/projects/golem/pages/project.py", line 121, in verify_page_directory_exists
    actions.assert_equals(len(tree_elements), 1)
  File "/Users/lucianofeo/Desktop/golem/src/golem/actions.py", line 56, in assert_equals
    raise Exception('Expected {} to equal {}'.format(actual_value, expected_value))
Exception: Expected 0 to equal 1
20:44:44.513 INFO Close driver
