23:24:52.095 INFO Test execution started: project.create_page_with_middle_spaces
23:24:52.096 INFO Browser: chrome-headless
23:24:52.096 INFO Environment: test
23:24:52.097 INFO Using data: 
    url: http://localhost:8000

23:25:04.953 INFO Navigate to: 'http://localhost:8000'
23:25:05.217 INFO Write 'admin' in element username
23:25:05.426 INFO Write 'admin' in element password
23:25:05.510 INFO Click login_button
23:25:09.004 INFO Write 'test with spaces' in element None
23:25:09.005 INFO Press key: ENTER
23:25:09.069 INFO Waiting for element ('id', 'errorModal', 'Error modal') to be visible
23:25:29.224 INFO Take screenshot error
23:25:30.881 ERROR An error ocurred:
Traceback (most recent call last):
  File "/Users/lucianofeo/Desktop/golem/src/golem/test_runner/test_runner.py", line 114, in run_test
    test_module.test(execution.data)
  File "/Users/lucianofeo/Desktop/golem/example/projects/golem/tests/project/create_page_with_middle_spaces.py", line 15, in test
    project.verify_error_message('Only letters, numbers, \'-\' and \'_\' are allowed')
  File "/Users/lucianofeo/Desktop/golem/example/projects/golem/pages/project.py", line 140, in verify_error_message
    raise Exception('Error message {} was not found'.format(error_message))
Exception: Error message Only letters, numbers, '-' and '_' are allowed was not found
23:25:30.882 INFO Close driver
