20:38:03.932 INFO Test execution started: project/add_directory_to_pages
20:38:03.933 INFO Browser: chrome
20:38:03.933 INFO Environment: test
20:38:03.933 INFO Using data: 
    url: http://localhost:8000

20:38:05.952 INFO Navigate to: 'http://localhost:8000'
20:38:06.053 INFO Write 'admin' in element username
20:38:06.134 INFO Write 'admin' in element password
20:38:06.172 INFO Click login_button
20:38:06.497 INFO Random value generated: tudch
20:38:06.497 INFO Store value tudch in key directory_name
20:38:06.819 INFO Write 'tudch/' in element None
20:38:06.819 INFO Press key: ENTER
20:38:06.867 INFO Assert that 0 equals 1
20:38:06.868 INFO Take screenshot error
20:38:07.417 ERROR An error ocurred:
Traceback (most recent call last):
  File "/Users/lucianofeo/Desktop/golem/src/golem/test_runner/test_runner.py", line 115, in run_test
    test_module.test(execution.data)
  File "/Users/lucianofeo/Desktop/golem/example/projects/golem/tests/project/add_directory_to_pages.py", line 17, in test
    project.verify_page_directory_exists(data.directory_name)
  File "/Users/lucianofeo/Desktop/golem/example/projects/golem/pages/project.py", line 120, in verify_page_directory_exists
    actions.assert_equals(len(tree_elements), 1)
  File "/Users/lucianofeo/Desktop/golem/src/golem/actions.py", line 56, in assert_equals
    raise Exception('Expected {} to equal {}'.format(actual_value, expected_value))
Exception: Expected 0 to equal 1
20:38:07.417 INFO Close driver
