2017-10-09 20:38:03,932 golem INFO Test execution started: project/add_directory_to_pages
2017-10-09 20:38:03,933 golem INFO Browser: chrome
2017-10-09 20:38:03,933 golem INFO Environment: test
2017-10-09 20:38:03,933 golem INFO Using data: 
    url: http://localhost:8000

2017-10-09 20:38:05,952 golem INFO Navigate to: 'http://localhost:8000'
2017-10-09 20:38:05,971 golem DEBUG Element found
2017-10-09 20:38:06,053 golem INFO Write 'admin' in element username
2017-10-09 20:38:06,070 golem DEBUG Element found
2017-10-09 20:38:06,134 golem INFO Write 'admin' in element password
2017-10-09 20:38:06,150 golem DEBUG Element found
2017-10-09 20:38:06,172 golem INFO Click login_button
2017-10-09 20:38:06,497 golem INFO Random value generated: tudch
2017-10-09 20:38:06,497 golem INFO Store value tudch in key directory_name
2017-10-09 20:38:06,610 golem DEBUG Element found
2017-10-09 20:38:06,646 golem DEBUG Element found
2017-10-09 20:38:06,677 golem DEBUG Element found
2017-10-09 20:38:06,757 golem DEBUG Element found
2017-10-09 20:38:06,819 golem INFO Write 'tudch/' in element None
2017-10-09 20:38:06,819 golem INFO Press key: ENTER
2017-10-09 20:38:06,840 golem DEBUG Element found
2017-10-09 20:38:06,867 golem INFO Assert that 0 equals 1
2017-10-09 20:38:06,868 golem INFO Take screenshot error
2017-10-09 20:38:07,417 golem ERROR An error ocurred:
Traceback (most recent call last):
  File "/Users/lucianofeo/Desktop/golem/src/golem/test_runner/test_runner.py", line 115, in run_test
    test_module.test(execution.data)
  File "/Users/lucianofeo/Desktop/golem/example/projects/golem/tests/project/add_directory_to_pages.py", line 17, in test
    project.verify_page_directory_exists(data.directory_name)
  File "/Users/lucianofeo/Desktop/golem/example/projects/golem/pages/project.py", line 120, in verify_page_directory_exists
    actions.assert_equals(len(tree_elements), 1)
  File "/Users/lucianofeo/Desktop/golem/src/golem/actions.py", line 56, in assert_equals
    raise Exception('Expected {} to equal {}'.format(actual_value, expected_value))
Exception: Expected 0 to equal 1
2017-10-09 20:38:07,417 golem INFO Close driver
