20:46:18.408 INFO Test execution started: project/add_directory_to_pages
20:46:18.409 INFO Browser: chrome
20:46:18.409 INFO Environment: test
20:46:18.409 INFO Using data: 
    url: http://localhost:8000

20:46:20.472 INFO Navigate to: 'http://localhost:8000'
20:46:20.581 INFO Write 'admin' in element username
20:46:20.659 INFO Write 'admin' in element password
20:46:20.698 INFO Click login_button
20:46:21.117 INFO Random value generated: bhwlw
20:46:21.118 INFO Store value bhwlw in key directory_name
20:46:21.360 INFO Write 'bhwlw/' in element None
20:46:21.360 INFO Press key: ENTER
20:46:21.375 INFO Waiting for 3 seconds
20:46:24.409 INFO Assert that 0 equals 1
20:46:24.410 INFO Take screenshot error
20:46:24.952 ERROR An error ocurred:
Traceback (most recent call last):
  File "/Users/lucianofeo/Desktop/golem/src/golem/test_runner/test_runner.py", line 115, in run_test
    test_module.test(execution.data)
  File "/Users/lucianofeo/Desktop/golem/example/projects/golem/tests/project/add_directory_to_pages.py", line 17, in test
    project.verify_page_directory_exists(data.directory_name)
  File "/Users/lucianofeo/Desktop/golem/example/projects/golem/pages/project.py", line 122, in verify_page_directory_exists
    actions.assert_equals(len(tree_elements), 1)
  File "/Users/lucianofeo/Desktop/golem/src/golem/actions.py", line 56, in assert_equals
    raise Exception('Expected {} to equal {}'.format(actual_value, expected_value))
Exception: Expected 0 to equal 1
20:46:24.952 INFO Close driver
