2017-10-09 20:40:38,285 golem INFO Test execution started: project/add_directory_to_pages
2017-10-09 20:40:38,286 golem INFO Browser: chrome
2017-10-09 20:40:38,286 golem INFO Environment: test
2017-10-09 20:40:38,286 golem INFO Using data: 
    url: http://localhost:8000

2017-10-09 20:40:40,317 golem INFO Navigate to: 'http://localhost:8000'
2017-10-09 20:40:40,334 golem DEBUG Element found
2017-10-09 20:40:40,421 golem INFO Write 'admin' in element username
2017-10-09 20:40:40,436 golem DEBUG Element found
2017-10-09 20:40:40,496 golem INFO Write 'admin' in element password
2017-10-09 20:40:40,514 golem DEBUG Element found
2017-10-09 20:40:40,533 golem INFO Click login_button
2017-10-09 20:40:40,934 golem INFO Random value generated: tbsim
2017-10-09 20:40:40,934 golem INFO Store value tbsim in key directory_name
2017-10-09 20:40:40,965 golem DEBUG Element found
2017-10-09 20:40:40,999 golem DEBUG Element found
2017-10-09 20:40:41,053 golem DEBUG Element found
2017-10-09 20:40:41,149 golem DEBUG Element found
2017-10-09 20:40:41,210 golem INFO Write 'tbsim/' in element None
2017-10-09 20:40:41,210 golem INFO Press key: ENTER
2017-10-09 20:40:41,224 golem INFO Waiting for 3 seconds
2017-10-09 20:40:44,234 golem DEBUG Element found
2017-10-09 20:40:44,257 golem INFO Assert that 0 equals 1
2017-10-09 20:40:44,258 golem INFO Take screenshot error
2017-10-09 20:40:44,780 golem ERROR An error ocurred:
Traceback (most recent call last):
  File "/Users/lucianofeo/Desktop/golem/src/golem/test_runner/test_runner.py", line 115, in run_test
    test_module.test(execution.data)
  File "/Users/lucianofeo/Desktop/golem/example/projects/golem/tests/project/add_directory_to_pages.py", line 17, in test
    project.verify_page_directory_exists(data.directory_name)
  File "/Users/lucianofeo/Desktop/golem/example/projects/golem/pages/project.py", line 121, in verify_page_directory_exists
    actions.assert_equals(len(tree_elements), 1)
  File "/Users/lucianofeo/Desktop/golem/src/golem/actions.py", line 56, in assert_equals
    raise Exception('Expected {} to equal {}'.format(actual_value, expected_value))
Exception: Expected 0 to equal 1
2017-10-09 20:40:44,781 golem INFO Close driver
