21:13:06.289 INFO Test execution started: project/add_directory_to_pages
21:13:06.290 INFO Browser: chrome
21:13:06.290 INFO Environment: test
21:13:06.290 INFO Using data: 
    url: http://localhost:8000

21:13:08.374 INFO Navigate to: 'http://localhost:8000'
21:13:08.478 INFO Write 'admin' in element username
21:13:08.558 INFO Write 'admin' in element password
21:13:08.594 INFO Click login_button
21:13:09.060 INFO Random value generated: izbvb
21:13:09.061 INFO Store value izbvb in key directory_name
21:13:09.315 INFO Write 'izbvb/' in element None
21:13:09.315 INFO Press key: ENTER
21:13:09.331 INFO Waiting for 3 seconds
21:13:12.364 INFO Assert that 0 equals 1
21:13:12.365 INFO Take screenshot error
21:13:12.885 ERROR An error ocurred:
Traceback (most recent call last):
  File "/Users/lucianofeo/Desktop/golem/src/golem/test_runner/test_runner.py", line 115, in run_test
    test_module.test(execution.data)
  File "/Users/lucianofeo/Desktop/golem/example/projects/golem/tests/project/add_directory_to_pages.py", line 17, in test
    project.verify_page_directory_exists(data.directory_name)
  File "/Users/lucianofeo/Desktop/golem/example/projects/golem/pages/project.py", line 101, in verify_page_directory_exists
    actions.assert_equals(len(tree_elements), 1)
  File "/Users/lucianofeo/Desktop/golem/src/golem/actions.py", line 56, in assert_equals
    raise Exception('Expected {} to equal {}'.format(actual_value, expected_value))
Exception: Expected 0 to equal 1
21:13:12.886 INFO Close driver
