21:11:15.627 INFO Test execution started: project/add_directory_to_pages
21:11:15.628 INFO Browser: chrome
21:11:15.628 INFO Environment: test
21:11:15.628 INFO Using data: 
    url: http://localhost:8000

21:11:17.700 INFO Navigate to: 'http://localhost:8000'
21:11:17.810 INFO Write 'admin' in element username
21:11:17.891 INFO Write 'admin' in element password
21:11:17.927 INFO Click login_button
21:11:18.418 INFO Random value generated: arvyg
21:11:18.419 INFO Store value arvyg in key directory_name
21:11:18.671 INFO Write 'arvyg/' in element None
21:11:18.671 INFO Press key: ENTER
21:11:18.689 INFO Waiting for 3 seconds
21:11:21.722 INFO Assert that 0 equals 1
21:11:21.723 INFO Take screenshot error
21:11:22.251 ERROR An error ocurred:
Traceback (most recent call last):
  File "/Users/lucianofeo/Desktop/golem/src/golem/test_runner/test_runner.py", line 115, in run_test
    test_module.test(execution.data)
  File "/Users/lucianofeo/Desktop/golem/example/projects/golem/tests/project/add_directory_to_pages.py", line 17, in test
    project.verify_page_directory_exists(data.directory_name)
  File "/Users/lucianofeo/Desktop/golem/example/projects/golem/pages/project.py", line 100, in verify_page_directory_exists
    actions.assert_equals(len(tree_elements), 1)
  File "/Users/lucianofeo/Desktop/golem/src/golem/actions.py", line 56, in assert_equals
    raise Exception('Expected {} to equal {}'.format(actual_value, expected_value))
Exception: Expected 0 to equal 1
21:11:22.251 INFO Close driver
