21:06:38.659 INFO Test execution started: project/add_directory_to_pages
21:06:38.660 INFO Browser: chrome
21:06:38.660 INFO Environment: test
21:06:38.660 INFO Using data: 
    url: http://localhost:8000

21:06:40.711 INFO Navigate to: 'http://localhost:8000'
21:06:40.821 INFO Write 'admin' in element username
21:06:40.894 INFO Write 'admin' in element password
21:06:40.927 INFO Click login_button
21:06:41.243 INFO Random value generated: tczfs
21:06:41.243 INFO Store value tczfs in key directory_name
21:06:41.580 INFO Write 'tczfs/' in element None
21:06:41.580 INFO Press key: ENTER
21:06:41.625 INFO Assert that 0 equals 1
21:06:41.626 INFO Take screenshot error
21:06:42.175 ERROR An error ocurred:
Traceback (most recent call last):
  File "/Users/lucianofeo/Desktop/golem/src/golem/test_runner/test_runner.py", line 115, in run_test
    test_module.test(execution.data)
  File "/Users/lucianofeo/Desktop/golem/example/projects/golem/tests/project/add_directory_to_pages.py", line 17, in test
    project.verify_page_directory_exists(data.directory_name)
  File "/Users/lucianofeo/Desktop/golem/example/projects/golem/pages/project.py", line 99, in verify_page_directory_exists
    actions.assert_equals(len(tree_elements), 1)
  File "/Users/lucianofeo/Desktop/golem/src/golem/actions.py", line 56, in assert_equals
    raise Exception('Expected {} to equal {}'.format(actual_value, expected_value))
Exception: Expected 0 to equal 1
21:06:42.176 INFO Close driver
