2017-10-09 21:06:38,659 golem INFO Test execution started: project/add_directory_to_pages
2017-10-09 21:06:38,660 golem INFO Browser: chrome
2017-10-09 21:06:38,660 golem INFO Environment: test
2017-10-09 21:06:38,660 golem INFO Using data: 
    url: http://localhost:8000

2017-10-09 21:06:40,711 golem INFO Navigate to: 'http://localhost:8000'
2017-10-09 21:06:40,735 golem DEBUG Element found
2017-10-09 21:06:40,821 golem INFO Write 'admin' in element username
2017-10-09 21:06:40,836 golem DEBUG Element found
2017-10-09 21:06:40,894 golem INFO Write 'admin' in element password
2017-10-09 21:06:40,909 golem DEBUG Element found
2017-10-09 21:06:40,927 golem INFO Click login_button
2017-10-09 21:06:41,243 golem INFO Random value generated: tczfs
2017-10-09 21:06:41,243 golem INFO Store value tczfs in key directory_name
2017-10-09 21:06:41,363 golem DEBUG Element found
2017-10-09 21:06:41,400 golem DEBUG Element found
2017-10-09 21:06:41,431 golem DEBUG Element found
2017-10-09 21:06:41,512 golem DEBUG Element found
2017-10-09 21:06:41,580 golem INFO Write 'tczfs/' in element None
2017-10-09 21:06:41,580 golem INFO Press key: ENTER
2017-10-09 21:06:41,599 golem DEBUG Element found
2017-10-09 21:06:41,625 golem INFO Assert that 0 equals 1
2017-10-09 21:06:41,626 golem INFO Take screenshot error
2017-10-09 21:06:42,175 golem ERROR An error ocurred:
Traceback (most recent call last):
  File "/Users/lucianofeo/Desktop/golem/src/golem/test_runner/test_runner.py", line 115, in run_test
    test_module.test(execution.data)
  File "/Users/lucianofeo/Desktop/golem/example/projects/golem/tests/project/add_directory_to_pages.py", line 17, in test
    project.verify_page_directory_exists(data.directory_name)
  File "/Users/lucianofeo/Desktop/golem/example/projects/golem/pages/project.py", line 99, in verify_page_directory_exists
    actions.assert_equals(len(tree_elements), 1)
  File "/Users/lucianofeo/Desktop/golem/src/golem/actions.py", line 56, in assert_equals
    raise Exception('Expected {} to equal {}'.format(actual_value, expected_value))
Exception: Expected 0 to equal 1
2017-10-09 21:06:42,176 golem INFO Close driver
