2017-10-09 20:47:17,779 golem INFO Test execution started: project/add_directory_to_pages
2017-10-09 20:47:17,779 golem INFO Browser: chrome
2017-10-09 20:47:17,779 golem INFO Environment: test
2017-10-09 20:47:17,780 golem INFO Using data: 
    url: http://localhost:8000

2017-10-09 20:47:19,870 golem INFO Navigate to: 'http://localhost:8000'
2017-10-09 20:47:19,899 golem DEBUG Element found
2017-10-09 20:47:19,995 golem INFO Write 'admin' in element username
2017-10-09 20:47:20,015 golem DEBUG Element found
2017-10-09 20:47:20,081 golem INFO Write 'admin' in element password
2017-10-09 20:47:20,098 golem DEBUG Element found
2017-10-09 20:47:20,121 golem INFO Click login_button
2017-10-09 20:47:20,487 golem INFO Random value generated: rvaut
2017-10-09 20:47:20,488 golem INFO Store value rvaut in key directory_name
2017-10-09 20:47:20,608 golem DEBUG Element found
2017-10-09 20:47:20,645 golem DEBUG Element found
2017-10-09 20:47:20,676 golem DEBUG Element found
2017-10-09 20:47:20,760 golem DEBUG Element found
2017-10-09 20:47:20,824 golem INFO Write 'rvaut/' in element None
2017-10-09 20:47:20,825 golem INFO Press key: ENTER
2017-10-09 20:47:20,839 golem INFO Waiting for 3 seconds
2017-10-09 20:47:23,850 golem DEBUG Element found
2017-10-09 20:47:23,872 golem INFO Assert that 0 equals 1
2017-10-09 20:47:23,874 golem INFO Take screenshot error
2017-10-09 20:47:24,376 golem ERROR An error ocurred:
Traceback (most recent call last):
  File "/Users/lucianofeo/Desktop/golem/src/golem/test_runner/test_runner.py", line 115, in run_test
    test_module.test(execution.data)
  File "/Users/lucianofeo/Desktop/golem/example/projects/golem/tests/project/add_directory_to_pages.py", line 17, in test
    project.verify_page_directory_exists(data.directory_name)
  File "/Users/lucianofeo/Desktop/golem/example/projects/golem/pages/project.py", line 101, in verify_page_directory_exists
    actions.assert_equals(len(tree_elements), 1)
  File "/Users/lucianofeo/Desktop/golem/src/golem/actions.py", line 56, in assert_equals
    raise Exception('Expected {} to equal {}'.format(actual_value, expected_value))
Exception: Expected 0 to equal 1
2017-10-09 20:47:24,377 golem INFO Close driver
