20:47:17.779 INFO Test execution started: project/add_directory_to_pages
20:47:17.779 INFO Browser: chrome
20:47:17.779 INFO Environment: test
20:47:17.780 INFO Using data: 
    url: http://localhost:8000

20:47:19.870 INFO Navigate to: 'http://localhost:8000'
20:47:19.995 INFO Write 'admin' in element username
20:47:20.081 INFO Write 'admin' in element password
20:47:20.121 INFO Click login_button
20:47:20.487 INFO Random value generated: rvaut
20:47:20.488 INFO Store value rvaut in key directory_name
20:47:20.824 INFO Write 'rvaut/' in element None
20:47:20.825 INFO Press key: ENTER
20:47:20.839 INFO Waiting for 3 seconds
20:47:23.872 INFO Assert that 0 equals 1
20:47:23.874 INFO Take screenshot error
20:47:24.376 ERROR An error ocurred:
Traceback (most recent call last):
  File "/Users/lucianofeo/Desktop/golem/src/golem/test_runner/test_runner.py", line 115, in run_test
    test_module.test(execution.data)
  File "/Users/lucianofeo/Desktop/golem/example/projects/golem/tests/project/add_directory_to_pages.py", line 17, in test
    project.verify_page_directory_exists(data.directory_name)
  File "/Users/lucianofeo/Desktop/golem/example/projects/golem/pages/project.py", line 101, in verify_page_directory_exists
    actions.assert_equals(len(tree_elements), 1)
  File "/Users/lucianofeo/Desktop/golem/src/golem/actions.py", line 56, in assert_equals
    raise Exception('Expected {} to equal {}'.format(actual_value, expected_value))
Exception: Expected 0 to equal 1
20:47:24.377 INFO Close driver
