2017-10-09 20:08:19,651 golem INFO Test execution started: project/add_page
2017-10-09 20:08:19,652 golem INFO Browser: chrome
2017-10-09 20:08:19,652 golem INFO Environment: test
2017-10-09 20:08:19,652 golem INFO Using data: 
    url: http://localhost:8000

2017-10-09 20:08:22,212 golem INFO Navigate to: 'http://localhost:8000'
2017-10-09 20:08:22,231 golem DEBUG Element found
2017-10-09 20:08:22,314 golem INFO Write 'admin' in element username
2017-10-09 20:08:22,331 golem DEBUG Element found
2017-10-09 20:08:22,394 golem INFO Write 'admin' in element password
2017-10-09 20:08:22,408 golem DEBUG Element found
2017-10-09 20:08:22,427 golem INFO Click login_button
2017-10-09 20:08:22,746 golem INFO Random value generated: stcua
2017-10-09 20:08:22,747 golem INFO Store value stcua in key page_name
2017-10-09 20:08:22,874 golem DEBUG Element found
2017-10-09 20:08:22,907 golem DEBUG Element found
2017-10-09 20:08:22,938 golem DEBUG Element found
2017-10-09 20:08:23,030 golem DEBUG Element found
2017-10-09 20:08:23,089 golem INFO Write 'stcua' in element None
2017-10-09 20:08:23,090 golem INFO Press key: ENTER
2017-10-09 20:08:23,112 golem DEBUG Element found
2017-10-09 20:08:23,140 golem INFO Assert that 0 equals 1
2017-10-09 20:08:23,141 golem INFO Take screenshot error
2017-10-09 20:08:23,862 golem ERROR An error ocurred:
Traceback (most recent call last):
  File "/Users/lucianofeo/Desktop/golem/src/golem/test_runner/test_runner.py", line 115, in run_test
    test_module.test(execution.data)
  File "/Users/lucianofeo/Desktop/golem/example/projects/golem/tests/project/add_page.py", line 16, in test
    project.verify_page_exists('not')
  File "/Users/lucianofeo/Desktop/golem/example/projects/golem/pages/project.py", line 99, in verify_page_exists
    actions.assert_equals(len(tree_elements), 1)
  File "/Users/lucianofeo/Desktop/golem/src/golem/actions.py", line 56, in assert_equals
    raise Exception('Expected {} to equal {}'.format(actual_value, expected_value))
Exception: Expected 0 to equal 1
2017-10-09 20:08:23,862 golem INFO Close driver
