18:18:44.484 INFO Test execution started: project.add_directory_to_pages_section
18:18:44.485 INFO Browser: chrome-headless
18:18:44.485 INFO Environment: test
18:18:44.486 INFO Using data: 
    url: http://localhost:8000

18:18:49.970 INFO Navigate to: 'http://localhost:8000'
18:18:50.283 INFO Write 'admin' in element username
18:18:50.770 INFO Write 'admin' in element password
18:18:51.047 INFO Click login_button
18:18:56.876 INFO Random value generated: zixgg/
18:18:56.877 INFO Store value zixgg/ in key directory_name
18:18:58.527 INFO Write 'zixgg/' in element add input
18:18:58.528 INFO Press key: ENTER
18:18:59.558 INFO Take screenshot error
18:19:01.489 ERROR An error ocurred:
Traceback (most recent call last):
  File "/Users/lucianofeo/Desktop/golem/src/golem/test_runner/test_runner.py", line 115, in run_test
    test_module.test(execution.data)
  File "/Users/lucianofeo/Desktop/golem/example/projects/golem/tests/project/add_directory_to_pages_section.py", line 18, in test
    project.verify_page_exists(data.directory_name)
  File "/Users/lucianofeo/Desktop/golem/example/projects/golem/pages/project.py", line 80, in verify_page_exists
    raise Exception('Page {} was not found'.format(dir_name))
Exception: Page zixgg/ was not found
18:19:01.490 INFO Close driver
