21:02:59.684 INFO Test execution started: project/add_directory_to_pages
21:02:59.684 INFO Browser: chrome
21:02:59.684 INFO Environment: test
21:02:59.685 INFO Using data: 
    url: http://localhost:8000

21:03:01.716 INFO Navigate to: 'http://localhost:8000'
21:03:01.829 INFO Write 'admin' in element username
21:03:01.905 INFO Write 'admin' in element password
21:03:01.939 INFO Click login_button
21:03:02.391 INFO Random value generated: btzqr
21:03:02.392 INFO Store value btzqr in key directory_name
21:03:02.840 INFO Write 'btzqr/' in element None
21:03:02.841 INFO Press key: ENTER
21:03:02.891 INFO Waiting for 20 seconds
21:03:23.065 INFO Assert that 0 equals 1
21:03:23.066 INFO Take screenshot error
21:03:23.562 ERROR An error ocurred:
Traceback (most recent call last):
  File "/Users/lucianofeo/Desktop/golem/src/golem/test_runner/test_runner.py", line 115, in run_test
    test_module.test(execution.data)
  File "/Users/lucianofeo/Desktop/golem/example/projects/golem/tests/project/add_directory_to_pages.py", line 17, in test
    project.verify_page_directory_exists(data.directory_name)
  File "/Users/lucianofeo/Desktop/golem/example/projects/golem/pages/project.py", line 100, in verify_page_directory_exists
    actions.assert_equals(len(tree_elements), 1)
  File "/Users/lucianofeo/Desktop/golem/src/golem/actions.py", line 56, in assert_equals
    raise Exception('Expected {} to equal {}'.format(actual_value, expected_value))
Exception: Expected 0 to equal 1
21:03:23.562 INFO Close driver
