2017-10-09 21:02:59,684 golem INFO Test execution started: project/add_directory_to_pages
2017-10-09 21:02:59,684 golem INFO Browser: chrome
2017-10-09 21:02:59,684 golem INFO Environment: test
2017-10-09 21:02:59,685 golem INFO Using data: 
    url: http://localhost:8000

2017-10-09 21:03:01,716 golem INFO Navigate to: 'http://localhost:8000'
2017-10-09 21:03:01,734 golem DEBUG Element found
2017-10-09 21:03:01,829 golem INFO Write 'admin' in element username
2017-10-09 21:03:01,847 golem DEBUG Element found
2017-10-09 21:03:01,905 golem INFO Write 'admin' in element password
2017-10-09 21:03:01,920 golem DEBUG Element found
2017-10-09 21:03:01,939 golem INFO Click login_button
2017-10-09 21:03:02,391 golem INFO Random value generated: btzqr
2017-10-09 21:03:02,392 golem INFO Store value btzqr in key directory_name
2017-10-09 21:03:02,410 golem DEBUG Element found
2017-10-09 21:03:02,445 golem DEBUG Element found
2017-10-09 21:03:02,476 golem DEBUG Element found
2017-10-09 21:03:02,563 golem DEBUG Element found
2017-10-09 21:03:02,840 golem INFO Write 'btzqr/' in element None
2017-10-09 21:03:02,841 golem INFO Press key: ENTER
2017-10-09 21:03:02,872 golem DEBUG Element found
2017-10-09 21:03:02,891 golem INFO Waiting for 20 seconds
2017-10-09 21:03:23,065 golem INFO Assert that 0 equals 1
2017-10-09 21:03:23,066 golem INFO Take screenshot error
2017-10-09 21:03:23,562 golem ERROR An error ocurred:
Traceback (most recent call last):
  File "/Users/lucianofeo/Desktop/golem/src/golem/test_runner/test_runner.py", line 115, in run_test
    test_module.test(execution.data)
  File "/Users/lucianofeo/Desktop/golem/example/projects/golem/tests/project/add_directory_to_pages.py", line 17, in test
    project.verify_page_directory_exists(data.directory_name)
  File "/Users/lucianofeo/Desktop/golem/example/projects/golem/pages/project.py", line 100, in verify_page_directory_exists
    actions.assert_equals(len(tree_elements), 1)
  File "/Users/lucianofeo/Desktop/golem/src/golem/actions.py", line 56, in assert_equals
    raise Exception('Expected {} to equal {}'.format(actual_value, expected_value))
Exception: Expected 0 to equal 1
2017-10-09 21:03:23,562 golem INFO Close driver
