2017-10-09 21:05:26,628 golem INFO Test execution started: project/add_directory_to_pages
2017-10-09 21:05:26,628 golem INFO Browser: chrome
2017-10-09 21:05:26,628 golem INFO Environment: test
2017-10-09 21:05:26,628 golem INFO Using data: 
    url: http://localhost:8000

2017-10-09 21:05:28,765 golem INFO Navigate to: 'http://localhost:8000'
2017-10-09 21:05:28,792 golem DEBUG Element found
2017-10-09 21:05:28,882 golem INFO Write 'admin' in element username
2017-10-09 21:05:28,900 golem DEBUG Element found
2017-10-09 21:05:28,961 golem INFO Write 'admin' in element password
2017-10-09 21:05:28,979 golem DEBUG Element found
2017-10-09 21:05:29,000 golem INFO Click login_button
2017-10-09 21:05:29,511 golem INFO Random value generated: aqrfc
2017-10-09 21:05:29,511 golem INFO Store value aqrfc in key directory_name
2017-10-09 21:05:29,656 golem DEBUG Element found
2017-10-09 21:05:29,699 golem DEBUG Element found
2017-10-09 21:05:29,736 golem DEBUG Element found
2017-10-09 21:05:29,831 golem DEBUG Element found
2017-10-09 21:05:29,910 golem INFO Write 'aqrfc/' in element None
2017-10-09 21:05:29,911 golem INFO Press key: ENTER
2017-10-09 21:05:29,940 golem DEBUG Element found
2017-10-09 21:05:29,967 golem INFO Assert that 0 equals 1
2017-10-09 21:05:29,969 golem INFO Take screenshot error
2017-10-09 21:05:30,561 golem ERROR An error ocurred:
Traceback (most recent call last):
  File "/Users/lucianofeo/Desktop/golem/src/golem/test_runner/test_runner.py", line 115, in run_test
    test_module.test(execution.data)
  File "/Users/lucianofeo/Desktop/golem/example/projects/golem/tests/project/add_directory_to_pages.py", line 17, in test
    project.verify_page_directory_exists(data.directory_name)
  File "/Users/lucianofeo/Desktop/golem/example/projects/golem/pages/project.py", line 99, in verify_page_directory_exists
    actions.assert_equals(len(tree_elements), 1)
  File "/Users/lucianofeo/Desktop/golem/src/golem/actions.py", line 56, in assert_equals
    raise Exception('Expected {} to equal {}'.format(actual_value, expected_value))
Exception: Expected 0 to equal 1
2017-10-09 21:05:30,562 golem INFO Close driver
