2017-10-09 20:37:10,456 golem INFO Test execution started: project/add_directory_to_pages
2017-10-09 20:37:10,456 golem INFO Browser: chrome
2017-10-09 20:37:10,457 golem INFO Environment: test
2017-10-09 20:37:10,457 golem INFO Using data: 
    url: http://localhost:8000

2017-10-09 20:37:12,525 golem INFO Navigate to: 'http://localhost:8000'
2017-10-09 20:37:12,544 golem DEBUG Element found
2017-10-09 20:37:12,629 golem INFO Write 'admin' in element username
2017-10-09 20:37:12,645 golem DEBUG Element found
2017-10-09 20:37:12,708 golem INFO Write 'admin' in element password
2017-10-09 20:37:12,724 golem DEBUG Element found
2017-10-09 20:37:12,746 golem INFO Click login_button
2017-10-09 20:37:13,141 golem INFO Random value generated: kerks
2017-10-09 20:37:13,142 golem INFO Store value kerks in key directory_name
2017-10-09 20:37:13,167 golem DEBUG Element found
2017-10-09 20:37:13,199 golem DEBUG Element found
2017-10-09 20:37:13,230 golem DEBUG Element found
2017-10-09 20:37:13,311 golem DEBUG Element found
2017-10-09 20:37:13,374 golem INFO Write 'kerks/' in element None
2017-10-09 20:37:13,375 golem INFO Press key: ENTER
2017-10-09 20:37:13,397 golem DEBUG Element found
2017-10-09 20:37:13,424 golem INFO Assert that 0 equals 1
2017-10-09 20:37:13,425 golem INFO Take screenshot error
2017-10-09 20:37:13,956 golem ERROR An error ocurred:
Traceback (most recent call last):
  File "/Users/lucianofeo/Desktop/golem/src/golem/test_runner/test_runner.py", line 115, in run_test
    test_module.test(execution.data)
  File "/Users/lucianofeo/Desktop/golem/example/projects/golem/tests/project/add_directory_to_pages.py", line 17, in test
    project.verify_page_directory_exists(data.directory_name)
  File "/Users/lucianofeo/Desktop/golem/example/projects/golem/pages/project.py", line 118, in verify_page_directory_exists
    actions.assert_equals(len(tree_elements), 1)
  File "/Users/lucianofeo/Desktop/golem/src/golem/actions.py", line 56, in assert_equals
    raise Exception('Expected {} to equal {}'.format(actual_value, expected_value))
Exception: Expected 0 to equal 1
2017-10-09 20:37:13,956 golem INFO Close driver
