13:25:11.051 INFO Test execution started: project.add_page_inside_directory
13:25:11.052 INFO Browser: chrome-headless
13:25:11.053 INFO Environment: test
13:25:11.055 INFO Using data: 
    url: http://localhost:8000

13:25:23.265 INFO Navigate to: 'http://localhost:8000'
13:25:23.826 INFO Write 'admin' in element username
13:25:24.019 INFO Write 'admin' in element password
13:25:24.135 INFO Click login_button
13:25:24.877 INFO Click Create Project button
13:25:25.000 INFO Waiting for element ('id', 'newProjectName', 'Project Name input') to be visible
13:25:25.288 INFO Write 'test' in element Project Name input
13:25:25.388 INFO Click Create button
13:25:25.572 INFO Waiting for element ('id', 'createProjectCreate', 'Create button') to be not visible
13:25:46.042 INFO Timeout, element is still visible.
13:25:46.129 INFO Take screenshot error
13:25:47.096 ERROR An error ocurred:
Traceback (most recent call last):
  File "/Users/lucianofeo/Desktop/golem/src/golem/test_runner/test_runner.py", line 109, in run_test
    test_module.setup(execution.data)
  File "/Users/lucianofeo/Desktop/golem/example/projects/golem/tests/project/add_page_inside_directory.py", line 12, in setup
    index.create_access_project('test')
  File "/Users/lucianofeo/Desktop/golem/example/projects/golem/pages/index.py", line 56, in create_access_project
    access_project(project_name)
  File "/Users/lucianofeo/Desktop/golem/example/projects/golem/pages/index.py", line 42, in access_project
    raise Exception('Project {} not found'.format(project_name))
Exception: Project test not found
13:25:47.097 INFO Close driver
