2017-10-09 21:02:14,370 golem INFO Test execution started: project/add_directory_to_pages
2017-10-09 21:02:14,371 golem INFO Browser: chrome
2017-10-09 21:02:14,371 golem INFO Environment: test
2017-10-09 21:02:14,371 golem INFO Using data: 
    url: http://localhost:8000

2017-10-09 21:02:16,426 golem INFO Navigate to: 'http://localhost:8000'
2017-10-09 21:02:16,446 golem DEBUG Element found
2017-10-09 21:02:16,528 golem INFO Write 'admin' in element username
2017-10-09 21:02:16,543 golem DEBUG Element found
2017-10-09 21:02:16,606 golem INFO Write 'admin' in element password
2017-10-09 21:02:16,621 golem DEBUG Element found
2017-10-09 21:02:16,641 golem INFO Click login_button
2017-10-09 21:02:16,990 golem INFO Random value generated: ukqem
2017-10-09 21:02:16,991 golem INFO Store value ukqem in key directory_name
2017-10-09 21:02:17,107 golem DEBUG Element found
2017-10-09 21:02:17,142 golem DEBUG Element found
2017-10-09 21:02:17,172 golem DEBUG Element found
2017-10-09 21:02:17,262 golem DEBUG Element found
2017-10-09 21:02:17,327 golem INFO Write 'ukqem/' in element None
2017-10-09 21:02:17,327 golem INFO Press key: ENTER
2017-10-09 21:02:17,349 golem DEBUG Element found
2017-10-09 21:02:17,376 golem INFO Assert that 0 equals 1
2017-10-09 21:02:17,378 golem INFO Take screenshot error
2017-10-09 21:02:17,934 golem ERROR An error ocurred:
Traceback (most recent call last):
  File "/Users/lucianofeo/Desktop/golem/src/golem/test_runner/test_runner.py", line 115, in run_test
    test_module.test(execution.data)
  File "/Users/lucianofeo/Desktop/golem/example/projects/golem/tests/project/add_directory_to_pages.py", line 17, in test
    project.verify_page_directory_exists(data.directory_name)
  File "/Users/lucianofeo/Desktop/golem/example/projects/golem/pages/project.py", line 99, in verify_page_directory_exists
    actions.assert_equals(len(tree_elements), 1)
  File "/Users/lucianofeo/Desktop/golem/src/golem/actions.py", line 56, in assert_equals
    raise Exception('Expected {} to equal {}'.format(actual_value, expected_value))
Exception: Expected 0 to equal 1
2017-10-09 21:02:17,934 golem INFO Close driver
