11:05:00.446 INFO Test execution started: page_builder/add_element_to_page
11:05:00.446 INFO Browser: chrome
11:05:00.446 INFO Environment: test
11:05:00.446 INFO Using data: 
    url: http://localhost:8000

11:05:02.835 INFO Navigate to: 'http://localhost:8000'
11:05:02.961 INFO Write 'admin' in element username
11:05:03.055 INFO Write 'admin' in element password
11:05:03.098 INFO Click login_button
11:05:03.661 INFO Store value ['some_element', 'id', 'selector_value', 'display_name'] in key element_def
11:05:03.661 INFO Random value generated: 700
11:05:05.049 INFO Write 'test_add_element_700' in element None
11:05:05.049 INFO Press key: ENTER
11:05:05.157 INFO Click None
11:05:05.343 INFO Click Add Element button
11:05:05.519 INFO Write 'some_element' in element None
11:05:05.630 INFO Write 'id' in element None
11:05:05.756 INFO Write 'selector_value' in element None
11:05:05.799 INFO Clear None element
11:05:05.890 INFO Write 'display_name' in element None
11:05:05.891 INFO Waiting for 1 seconds
11:05:06.932 INFO Click Save button
11:05:07.048 INFO Refresh page
11:05:07.217 INFO Take screenshot error
11:05:07.575 ERROR An error ocurred:
Traceback (most recent call last):
  File "/Users/lucianofeo/Desktop/golem/src/golem/test_runner/test_runner.py", line 114, in run_test
    test_module.test(execution.data)
  File "/Users/lucianofeo/Desktop/golem/example/projects/golem/tests/page_builder/add_element_to_page.py", line 23, in test
    page_builder.verify_element_exists(data.element_def)
  File "/Users/lucianofeo/Desktop/golem/example/projects/golem/pages/page_builder.py", line 45, in verify_element_exists
    raise Exception('The element was not found')
Exception: The element was not found
