{
    "test_case": "page_builder.add_element_to_page",
    "result": "fail",
    "steps": [
        "Navigate to: 'http://localhost:8000'",
        "Write 'admin' in element username",
        "Write 'admin' in element password",
        "Click login_button",
        "Access project test",
        "Write 'test_add_element_700' in element None",
        "Press key: ENTER",
        "Click None",
        "Click Add Element button",
        "Write 'some_element' in element None",
        "Write 'id' in element None",
        "Write 'selector_value' in element None",
        "Clear None element",
        "Write 'display_name' in element None",
        "Click Save button",
        "Refresh page",
        "error__efcfc943"
    ],
    "description": "\nVerify that the user can add an element to a page and save it successfully\n",
    "error": "Traceback (most recent call last):\n  File \"/Users/lucianofeo/Desktop/golem/src/golem/test_runner/test_runner.py\", line 114, in run_test\n    test_module.test(execution.data)\n  File \"/Users/lucianofeo/Desktop/golem/example/projects/golem/tests/page_builder/add_element_to_page.py\", line 23, in test\n    page_builder.verify_element_exists(data.element_def)\n  File \"/Users/lucianofeo/Desktop/golem/example/projects/golem/pages/page_builder.py\", line 45, in verify_element_exists\n    raise Exception('The element was not found')\nException: The element was not found\n",
    "short_error": "Exception: The element was not found\n",
    "test_elapsed_time": 7.19,
    "test_timestamp": "2017.10.22.11.05.00.447",
    "browser": "chrome",
    "test_data": {
        "env": "{'url': 'http://localhost:8000', 'name': 'test'}",
        "element_def": "['some_element', 'id', 'selector_value', 'display_name']"
    },
    "environment": "test"
}