21:00:05.043 INFO Test execution started: project/add_directory_to_pages
21:00:05.044 INFO Browser: chrome
21:00:05.044 INFO Environment: test
21:00:05.044 INFO Using data: 
    url: http://localhost:8000

21:00:07.146 INFO Navigate to: 'http://localhost:8000'
21:00:07.272 INFO Write 'admin' in element username
21:00:07.361 INFO Write 'admin' in element password
21:00:07.405 INFO Click login_button
21:00:07.772 INFO Random value generated: qwabr
21:00:07.773 INFO Store value qwabr in key directory_name
21:00:08.126 INFO Write 'qwabr/' in element None
21:00:08.127 INFO Press key: ENTER
21:00:08.144 INFO Waiting for 3 seconds
21:00:11.160 INFO Waiting for 10 seconds
21:00:21.337 INFO Assert that 0 equals 1
21:00:21.338 INFO Take screenshot error
21:00:21.685 ERROR An error ocurred:
Traceback (most recent call last):
  File "/Users/lucianofeo/Desktop/golem/src/golem/test_runner/test_runner.py", line 115, in run_test
    test_module.test(execution.data)
  File "/Users/lucianofeo/Desktop/golem/example/projects/golem/tests/project/add_directory_to_pages.py", line 17, in test
    project.verify_page_directory_exists(data.directory_name)
  File "/Users/lucianofeo/Desktop/golem/example/projects/golem/pages/project.py", line 102, in verify_page_directory_exists
    actions.assert_equals(len(tree_elements), 1)
  File "/Users/lucianofeo/Desktop/golem/src/golem/actions.py", line 56, in assert_equals
    raise Exception('Expected {} to equal {}'.format(actual_value, expected_value))
Exception: Expected 0 to equal 1
21:00:21.685 INFO Close driver
