2017-10-09 21:00:05,043 golem INFO Test execution started: project/add_directory_to_pages
2017-10-09 21:00:05,044 golem INFO Browser: chrome
2017-10-09 21:00:05,044 golem INFO Environment: test
2017-10-09 21:00:05,044 golem INFO Using data: 
    url: http://localhost:8000

2017-10-09 21:00:07,146 golem INFO Navigate to: 'http://localhost:8000'
2017-10-09 21:00:07,176 golem DEBUG Element found
2017-10-09 21:00:07,272 golem INFO Write 'admin' in element username
2017-10-09 21:00:07,291 golem DEBUG Element found
2017-10-09 21:00:07,361 golem INFO Write 'admin' in element password
2017-10-09 21:00:07,379 golem DEBUG Element found
2017-10-09 21:00:07,405 golem INFO Click login_button
2017-10-09 21:00:07,772 golem INFO Random value generated: qwabr
2017-10-09 21:00:07,773 golem INFO Store value qwabr in key directory_name
2017-10-09 21:00:07,899 golem DEBUG Element found
2017-10-09 21:00:07,938 golem DEBUG Element found
2017-10-09 21:00:07,972 golem DEBUG Element found
2017-10-09 21:00:08,057 golem DEBUG Element found
2017-10-09 21:00:08,126 golem INFO Write 'qwabr/' in element None
2017-10-09 21:00:08,127 golem INFO Press key: ENTER
2017-10-09 21:00:08,144 golem INFO Waiting for 3 seconds
2017-10-09 21:00:11,151 golem DEBUG Element found
2017-10-09 21:00:11,160 golem INFO Waiting for 10 seconds
2017-10-09 21:00:21,337 golem INFO Assert that 0 equals 1
2017-10-09 21:00:21,338 golem INFO Take screenshot error
2017-10-09 21:00:21,685 golem ERROR An error ocurred:
Traceback (most recent call last):
  File "/Users/lucianofeo/Desktop/golem/src/golem/test_runner/test_runner.py", line 115, in run_test
    test_module.test(execution.data)
  File "/Users/lucianofeo/Desktop/golem/example/projects/golem/tests/project/add_directory_to_pages.py", line 17, in test
    project.verify_page_directory_exists(data.directory_name)
  File "/Users/lucianofeo/Desktop/golem/example/projects/golem/pages/project.py", line 102, in verify_page_directory_exists
    actions.assert_equals(len(tree_elements), 1)
  File "/Users/lucianofeo/Desktop/golem/src/golem/actions.py", line 56, in assert_equals
    raise Exception('Expected {} to equal {}'.format(actual_value, expected_value))
Exception: Expected 0 to equal 1
2017-10-09 21:00:21,685 golem INFO Close driver
