2017-10-09 20:08:30,870 golem INFO Test execution started: project/add_page
2017-10-09 20:08:30,870 golem INFO Browser: chrome
2017-10-09 20:08:30,871 golem INFO Environment: test
2017-10-09 20:08:30,871 golem INFO Using data: 
    url: http://localhost:8000

2017-10-09 20:08:33,019 golem INFO Navigate to: 'http://localhost:8000'
2017-10-09 20:08:33,042 golem DEBUG Element found
2017-10-09 20:08:33,123 golem INFO Write 'admin' in element username
2017-10-09 20:08:33,136 golem DEBUG Element found
2017-10-09 20:08:33,200 golem INFO Write 'admin' in element password
2017-10-09 20:08:33,216 golem DEBUG Element found
2017-10-09 20:08:33,235 golem INFO Click login_button
2017-10-09 20:08:33,605 golem INFO Random value generated: jdzqn
2017-10-09 20:08:33,605 golem INFO Store value jdzqn in key page_name
2017-10-09 20:08:33,732 golem DEBUG Element found
2017-10-09 20:08:33,765 golem DEBUG Element found
2017-10-09 20:08:33,799 golem DEBUG Element found
2017-10-09 20:08:33,895 golem DEBUG Element found
2017-10-09 20:08:33,956 golem INFO Write 'jdzqn' in element None
2017-10-09 20:08:33,957 golem INFO Press key: ENTER
2017-10-09 20:08:33,980 golem DEBUG Element found
2017-10-09 20:08:34,010 golem INFO Assert that 0 equals 1
2017-10-09 20:08:34,011 golem INFO Take screenshot error
2017-10-09 20:08:34,596 golem ERROR An error ocurred:
Traceback (most recent call last):
  File "/Users/lucianofeo/Desktop/golem/src/golem/test_runner/test_runner.py", line 115, in run_test
    test_module.test(execution.data)
  File "/Users/lucianofeo/Desktop/golem/example/projects/golem/tests/project/add_page.py", line 16, in test
    project.verify_page_exists('not')
  File "/Users/lucianofeo/Desktop/golem/example/projects/golem/pages/project.py", line 99, in verify_page_exists
    actions.assert_equals(len(tree_elements), 1)
  File "/Users/lucianofeo/Desktop/golem/src/golem/actions.py", line 56, in assert_equals
    raise Exception('Expected {} to equal {}'.format(actual_value, expected_value))
Exception: Expected 0 to equal 1
2017-10-09 20:08:34,596 golem INFO Close driver
