{
    "test_case": "project.add_page",
    "result": "fail",
    "steps": [
        "Navigate to: 'http://localhost:8000'",
        "Write 'admin' in element username",
        "Write 'admin' in element password",
        "Click login_button",
        "Access project test",
        "Write 'jdzqn' in element None",
        "Press key: ENTER",
        "Assert that 0 equals 1",
        "error__1e2e2f4f"
    ],
    "description": "Verify that the user can create a new page from the project page",
    "error": "Traceback (most recent call last):\n  File \"/Users/lucianofeo/Desktop/golem/src/golem/test_runner/test_runner.py\", line 115, in run_test\n    test_module.test(execution.data)\n  File \"/Users/lucianofeo/Desktop/golem/example/projects/golem/tests/project/add_page.py\", line 16, in test\n    project.verify_page_exists('not')\n  File \"/Users/lucianofeo/Desktop/golem/example/projects/golem/pages/project.py\", line 99, in verify_page_exists\n    actions.assert_equals(len(tree_elements), 1)\n  File \"/Users/lucianofeo/Desktop/golem/src/golem/actions.py\", line 56, in assert_equals\n    raise Exception('Expected {} to equal {}'.format(actual_value, expected_value))\nException: Expected 0 to equal 1\n",
    "short_error": "Exception: Expected 0 to equal 1\n",
    "test_elapsed_time": 3.79,
    "test_timestamp": "2017.10.09.20.08.30.871",
    "browser": "chrome",
    "test_data": {
        "env": "{'url': 'http://localhost:8000', 'name': 'test'}",
        "page_name": "'jdzqn'"
    },
    "environment": "test"
}