22:04:53.886 INFO Test execution started: project.access_test
22:04:53.887 INFO Browser: chrome-headless
22:04:53.887 INFO Environment: test
22:04:53.888 INFO Using data: 
    url: http://localhost:8000

22:05:00.693 ERROR Could not start chrome driver using the path './drivers/mac/chromedriver_mac_2.32', check the settings file.
22:05:00.698 ERROR An error ocurred:
Traceback (most recent call last):
  File "/Users/lucianofeo/Desktop/golem/src/golem/test_runner/test_runner.py", line 110, in run_test
    test_module.setup(execution.data)
  File "/Users/lucianofeo/Desktop/golem/example/projects/golem/tests/project/access_test.py", line 10, in setup
    navigate(data.env.url)
  File "/Users/lucianofeo/Desktop/golem/src/golem/actions.py", line 145, in navigate
    driver = get_browser()
  File "/Users/lucianofeo/Desktop/golem/src/golem/browser.py", line 255, in get_browser
    raise Exception(msg) from None
Exception: Could not start chrome driver using the path './drivers/mac/chromedriver_mac_2.32', check the settings file.
22:05:00.698 INFO Close driver
