21:09:37.351 INFO Test execution started: project/add_page
21:09:37.351 INFO Browser: chrome
21:09:37.352 INFO Environment: test
21:09:37.352 INFO Using data: 
    url: http://localhost:8000

21:09:39.412 INFO Navigate to: 'http://localhost:8000'
21:09:39.518 INFO Write 'admin' in element username
21:09:39.597 INFO Write 'admin' in element password
21:09:39.635 INFO Click login_button
21:09:40.079 INFO Random value generated: qhish
21:09:40.080 INFO Store value qhish in key page_name
21:09:40.312 INFO Write 'qhish' in element None
21:09:40.312 INFO Press key: ENTER
21:09:40.361 INFO Assert that 0 equals 1
21:09:40.362 INFO Take screenshot error
21:09:40.906 ERROR An error ocurred:
Traceback (most recent call last):
  File "/Users/lucianofeo/Desktop/golem/src/golem/test_runner/test_runner.py", line 115, in run_test
    test_module.test(execution.data)
  File "/Users/lucianofeo/Desktop/golem/example/projects/golem/tests/project/add_page.py", line 16, in test
    project.verify_page_exists(data.page_name)
  File "/Users/lucianofeo/Desktop/golem/example/projects/golem/pages/project.py", line 88, in verify_page_exists
    actions.assert_equals(len(tree_elements), 1)
  File "/Users/lucianofeo/Desktop/golem/src/golem/actions.py", line 56, in assert_equals
    raise Exception('Expected {} to equal {}'.format(actual_value, expected_value))
Exception: Expected 0 to equal 1
21:09:40.906 INFO Close driver
