20:42:06.978 INFO Test execution started: project/add_directory_to_pages
20:42:06.979 INFO Browser: chrome
20:42:06.979 INFO Environment: test
20:42:06.979 INFO Using data: 
    url: http://localhost:8000

20:42:09.073 INFO Navigate to: 'http://localhost:8000'
20:42:09.177 INFO Write 'admin' in element username
20:42:09.255 INFO Write 'admin' in element password
20:42:09.293 INFO Click login_button
20:42:09.713 INFO Random value generated: uhusc
20:42:09.714 INFO Store value uhusc in key directory_name
20:42:09.946 INFO Write 'uhusc/' in element None
20:42:09.946 INFO Press key: ENTER
20:42:09.961 INFO Waiting for 3 seconds
20:42:12.995 INFO Assert that 0 equals 1
20:42:12.996 INFO Take screenshot error
20:42:13.515 ERROR An error ocurred:
Traceback (most recent call last):
  File "/Users/lucianofeo/Desktop/golem/src/golem/test_runner/test_runner.py", line 115, in run_test
    test_module.test(execution.data)
  File "/Users/lucianofeo/Desktop/golem/example/projects/golem/tests/project/add_directory_to_pages.py", line 17, in test
    project.verify_page_directory_exists(data.directory_name)
  File "/Users/lucianofeo/Desktop/golem/example/projects/golem/pages/project.py", line 121, in verify_page_directory_exists
    actions.assert_equals(len(tree_elements), 1)
  File "/Users/lucianofeo/Desktop/golem/src/golem/actions.py", line 56, in assert_equals
    raise Exception('Expected {} to equal {}'.format(actual_value, expected_value))
Exception: Expected 0 to equal 1
20:42:13.515 INFO Close driver
