2017-10-09 20:42:06,978 golem INFO Test execution started: project/add_directory_to_pages
2017-10-09 20:42:06,979 golem INFO Browser: chrome
2017-10-09 20:42:06,979 golem INFO Environment: test
2017-10-09 20:42:06,979 golem INFO Using data: 
    url: http://localhost:8000

2017-10-09 20:42:09,073 golem INFO Navigate to: 'http://localhost:8000'
2017-10-09 20:42:09,092 golem DEBUG Element found
2017-10-09 20:42:09,177 golem INFO Write 'admin' in element username
2017-10-09 20:42:09,191 golem DEBUG Element found
2017-10-09 20:42:09,255 golem INFO Write 'admin' in element password
2017-10-09 20:42:09,271 golem DEBUG Element found
2017-10-09 20:42:09,293 golem INFO Click login_button
2017-10-09 20:42:09,713 golem INFO Random value generated: uhusc
2017-10-09 20:42:09,714 golem INFO Store value uhusc in key directory_name
2017-10-09 20:42:09,736 golem DEBUG Element found
2017-10-09 20:42:09,770 golem DEBUG Element found
2017-10-09 20:42:09,799 golem DEBUG Element found
2017-10-09 20:42:09,881 golem DEBUG Element found
2017-10-09 20:42:09,946 golem INFO Write 'uhusc/' in element None
2017-10-09 20:42:09,946 golem INFO Press key: ENTER
2017-10-09 20:42:09,961 golem INFO Waiting for 3 seconds
2017-10-09 20:42:12,971 golem DEBUG Element found
2017-10-09 20:42:12,995 golem INFO Assert that 0 equals 1
2017-10-09 20:42:12,996 golem INFO Take screenshot error
2017-10-09 20:42:13,515 golem ERROR An error ocurred:
Traceback (most recent call last):
  File "/Users/lucianofeo/Desktop/golem/src/golem/test_runner/test_runner.py", line 115, in run_test
    test_module.test(execution.data)
  File "/Users/lucianofeo/Desktop/golem/example/projects/golem/tests/project/add_directory_to_pages.py", line 17, in test
    project.verify_page_directory_exists(data.directory_name)
  File "/Users/lucianofeo/Desktop/golem/example/projects/golem/pages/project.py", line 121, in verify_page_directory_exists
    actions.assert_equals(len(tree_elements), 1)
  File "/Users/lucianofeo/Desktop/golem/src/golem/actions.py", line 56, in assert_equals
    raise Exception('Expected {} to equal {}'.format(actual_value, expected_value))
Exception: Expected 0 to equal 1
2017-10-09 20:42:13,515 golem INFO Close driver
