2017-10-09 21:12:44,219 golem INFO Test execution started: project/add_directory_to_pages
2017-10-09 21:12:44,220 golem INFO Browser: chrome
2017-10-09 21:12:44,220 golem INFO Environment: test
2017-10-09 21:12:44,220 golem INFO Using data: 
    url: http://localhost:8000

2017-10-09 21:12:46,256 golem INFO Navigate to: 'http://localhost:8000'
2017-10-09 21:12:46,274 golem DEBUG Element found
2017-10-09 21:12:46,355 golem INFO Write 'admin' in element username
2017-10-09 21:12:46,371 golem DEBUG Element found
2017-10-09 21:12:46,432 golem INFO Write 'admin' in element password
2017-10-09 21:12:46,446 golem DEBUG Element found
2017-10-09 21:12:46,467 golem INFO Click login_button
2017-10-09 21:12:46,925 golem INFO Random value generated: eoiiy
2017-10-09 21:12:46,925 golem INFO Store value eoiiy in key directory_name
2017-10-09 21:12:46,942 golem DEBUG Element found
2017-10-09 21:12:46,978 golem DEBUG Element found
2017-10-09 21:12:47,009 golem DEBUG Element found
2017-10-09 21:12:47,090 golem DEBUG Element found
2017-10-09 21:12:47,163 golem INFO Write 'eoiiy/' in element None
2017-10-09 21:12:47,164 golem INFO Press key: ENTER
2017-10-09 21:12:47,180 golem INFO Waiting for 3 seconds
2017-10-09 21:12:50,190 golem DEBUG Element found
2017-10-09 21:12:50,214 golem INFO Assert that 0 equals 1
2017-10-09 21:12:50,216 golem INFO Take screenshot error
2017-10-09 21:12:50,747 golem ERROR An error ocurred:
Traceback (most recent call last):
  File "/Users/lucianofeo/Desktop/golem/src/golem/test_runner/test_runner.py", line 115, in run_test
    test_module.test(execution.data)
  File "/Users/lucianofeo/Desktop/golem/example/projects/golem/tests/project/add_directory_to_pages.py", line 17, in test
    project.verify_page_directory_exists(data.directory_name)
  File "/Users/lucianofeo/Desktop/golem/example/projects/golem/pages/project.py", line 101, in verify_page_directory_exists
    actions.assert_equals(len(tree_elements), 1)
  File "/Users/lucianofeo/Desktop/golem/src/golem/actions.py", line 56, in assert_equals
    raise Exception('Expected {} to equal {}'.format(actual_value, expected_value))
Exception: Expected 0 to equal 1
2017-10-09 21:12:50,748 golem INFO Close driver
