21:12:44.219 INFO Test execution started: project/add_directory_to_pages
21:12:44.220 INFO Browser: chrome
21:12:44.220 INFO Environment: test
21:12:44.220 INFO Using data: 
    url: http://localhost:8000

21:12:46.256 INFO Navigate to: 'http://localhost:8000'
21:12:46.355 INFO Write 'admin' in element username
21:12:46.432 INFO Write 'admin' in element password
21:12:46.467 INFO Click login_button
21:12:46.925 INFO Random value generated: eoiiy
21:12:46.925 INFO Store value eoiiy in key directory_name
21:12:47.163 INFO Write 'eoiiy/' in element None
21:12:47.164 INFO Press key: ENTER
21:12:47.180 INFO Waiting for 3 seconds
21:12:50.214 INFO Assert that 0 equals 1
21:12:50.216 INFO Take screenshot error
21:12:50.747 ERROR An error ocurred:
Traceback (most recent call last):
  File "/Users/lucianofeo/Desktop/golem/src/golem/test_runner/test_runner.py", line 115, in run_test
    test_module.test(execution.data)
  File "/Users/lucianofeo/Desktop/golem/example/projects/golem/tests/project/add_directory_to_pages.py", line 17, in test
    project.verify_page_directory_exists(data.directory_name)
  File "/Users/lucianofeo/Desktop/golem/example/projects/golem/pages/project.py", line 101, in verify_page_directory_exists
    actions.assert_equals(len(tree_elements), 1)
  File "/Users/lucianofeo/Desktop/golem/src/golem/actions.py", line 56, in assert_equals
    raise Exception('Expected {} to equal {}'.format(actual_value, expected_value))
Exception: Expected 0 to equal 1
21:12:50.748 INFO Close driver
