19:43:58.819 INFO Test execution started: suite_builder/save_suite
19:43:58.819 INFO Browser: chrome
19:43:58.820 INFO Environment: test
19:43:58.820 INFO Using data: 
    url: http://localhost:8000

19:44:01.165 INFO Navigate to: 'http://localhost:8000'
19:44:01.290 INFO Write 'admin' in element username
19:44:01.374 INFO Write 'admin' in element password
19:44:01.412 INFO Click login_button
19:44:02.089 INFO Random value generated: 924
19:44:03.481 INFO Write 'test_save_suite924' in element None
19:44:03.482 INFO Press key: ENTER
19:44:03.590 INFO Click None
19:44:03.795 INFO Clear Workers input element
19:44:03.907 INFO Write '3' in element Workers input
19:44:03.907 INFO Waiting for 1 seconds
19:44:04.941 INFO Click Save button
19:44:04.990 INFO Waiting for element #toast-container to not exist
19:44:09.289 INFO Refresh page
19:44:09.334 INFO Take screenshot error
19:44:09.687 ERROR An error ocurred:
Traceback (most recent call last):
  File "/Users/lucianofeo/Desktop/golem/src/golem/test_runner/test_runner.py", line 114, in run_test
    test_module.test(execution.data)
  File "/Users/lucianofeo/Desktop/golem/example/projects/golem/tests/suite_builder/save_suite.py", line 21, in test
    suite_builder.verify_workers_value(3)
  File "/Users/lucianofeo/Desktop/golem/example/projects/golem/pages/suite_builder.py", line 20, in verify_workers_value
    raise Exception(msg)
Exception: Error: expected workers value to e: 3, but was 3
19:44:09.687 INFO Close driver
