{
    "test_case": "suite_builder.save_suite",
    "result": "fail",
    "steps": [
        "Navigate to: 'http://localhost:8000'",
        "Write 'admin' in element username",
        "Write 'admin' in element password",
        "Click login_button",
        "Access project test",
        "Write 'test_save_suite924' in element None",
        "Press key: ENTER",
        "Click None",
        "Clear Workers input element",
        "Write '3' in element Workers input",
        "Click Save button",
        "Refresh page",
        "error__444e072a"
    ],
    "description": "Verify that the user can make changes to a suite and save it successfully",
    "error": "Traceback (most recent call last):\n  File \"/Users/lucianofeo/Desktop/golem/src/golem/test_runner/test_runner.py\", line 114, in run_test\n    test_module.test(execution.data)\n  File \"/Users/lucianofeo/Desktop/golem/example/projects/golem/tests/suite_builder/save_suite.py\", line 21, in test\n    suite_builder.verify_workers_value(3)\n  File \"/Users/lucianofeo/Desktop/golem/example/projects/golem/pages/suite_builder.py\", line 20, in verify_workers_value\n    raise Exception(msg)\nException: Error: expected workers value to \be: 3, but was 3\n",
    "short_error": "Exception: Error: expected workers value to \be: 3, but was 3\n",
    "test_elapsed_time": 10.93,
    "test_timestamp": "2017.10.22.19.43.58.820",
    "browser": "chrome",
    "test_data": {
        "env": "{'url': 'http://localhost:8000', 'name': 'test'}"
    },
    "environment": "test"
}