19:52:17.985 INFO Test execution started: project/add_page
19:52:17.986 INFO Browser: chrome
19:52:17.986 INFO Environment: test
19:52:17.986 INFO Using data: 
    url: http://localhost:8000

19:52:17.992 ERROR An error ocurred:
Traceback (most recent call last):
  File "/Users/lucianofeo/Desktop/golem/src/golem/test_runner/test_runner.py", line 93, in run_test
    page, page.split('.'))
  File "/Users/lucianofeo/Desktop/golem/src/golem/core/utils.py", line 358, in generate_page_object_module
    .format(project, full_path))
  File "/Users/lucianofeo/Desktop/golem/env/lib/python3.6/importlib/__init__.py", line 126, in import_module
    return _bootstrap._gcd_import(name[level:], package, level)
  File "<frozen importlib._bootstrap>", line 978, in _gcd_import
  File "<frozen importlib._bootstrap>", line 961, in _find_and_load
  File "<frozen importlib._bootstrap>", line 950, in _find_and_load_unlocked
  File "<frozen importlib._bootstrap>", line 655, in _load_unlocked
  File "<frozen importlib._bootstrap_external>", line 674, in exec_module
  File "<frozen importlib._bootstrap_external>", line 781, in get_code
  File "<frozen importlib._bootstrap_external>", line 741, in source_to_code
  File "<frozen importlib._bootstrap>", line 205, in _call_with_frames_removed
  File "/Users/lucianofeo/Desktop/golem/example/projects/golem/pages/project.py", line 43
    dot_path = '.'.join(split_path) if '.'.join(split_path) or '.'
                                                                  ^
SyntaxError: invalid syntax
19:52:17.993 ERROR An error ocurred in the teardown:
Traceback (most recent call last):
  File "/Users/lucianofeo/Desktop/golem/src/golem/test_runner/test_runner.py", line 133, in run_test
    test_module.teardown(execution.data)
  File "/Users/lucianofeo/Desktop/golem/example/projects/golem/tests/project/add_page.py", line 21, in teardown
    close()
NameError: name 'close' is not defined
