2017-10-11 19:18:43,246 golem INFO Test execution started: test_page.add_action_to_test
2017-10-11 19:18:43,246 golem INFO Browser: chrome
2017-10-11 19:18:43,247 golem INFO Environment: test
2017-10-11 19:18:43,247 golem INFO Using data: 
    action: click
    url: http://localhost:8000

2017-10-11 19:18:45,269 golem INFO Navigate to: 'http://localhost:8000'
2017-10-11 19:18:45,827 golem DEBUG Element not found yet, remaining time: 19.442663192749023
2017-10-11 19:18:46,335 golem DEBUG Element not found yet, remaining time: 18.935150384902954
2017-10-11 19:18:46,843 golem DEBUG Element not found yet, remaining time: 18.427083492279053
2017-10-11 19:18:47,350 golem DEBUG Element not found yet, remaining time: 17.92091655731201
2017-10-11 19:18:47,859 golem DEBUG Element not found yet, remaining time: 17.41218852996826
2017-10-11 19:18:48,368 golem DEBUG Element not found yet, remaining time: 16.90341353416443
2017-10-11 19:18:48,879 golem DEBUG Element not found yet, remaining time: 16.392680406570435
2017-10-11 19:18:49,390 golem DEBUG Element not found yet, remaining time: 15.882601261138916
2017-10-11 19:18:49,899 golem DEBUG Element not found yet, remaining time: 15.373562097549438
2017-10-11 19:18:50,411 golem DEBUG Element not found yet, remaining time: 14.862602949142456
2017-10-11 19:18:50,920 golem DEBUG Element not found yet, remaining time: 14.354084014892578
2017-10-11 19:18:51,429 golem DEBUG Element not found yet, remaining time: 13.844655990600586
2017-10-11 19:18:51,940 golem DEBUG Element not found yet, remaining time: 13.334545135498047
2017-10-11 19:18:52,451 golem DEBUG Element not found yet, remaining time: 12.824328184127808
2017-10-11 19:18:52,962 golem DEBUG Element not found yet, remaining time: 12.313801050186157
2017-10-11 19:18:53,472 golem DEBUG Element not found yet, remaining time: 11.804060935974121
2017-10-11 19:18:53,982 golem DEBUG Element not found yet, remaining time: 11.293953895568848
2017-10-11 19:18:54,492 golem DEBUG Element not found yet, remaining time: 10.784464836120605
2017-10-11 19:18:55,002 golem DEBUG Element not found yet, remaining time: 10.2755286693573
2017-10-11 19:18:55,513 golem DEBUG Element not found yet, remaining time: 9.76510763168335
2017-10-11 19:18:56,022 golem DEBUG Element not found yet, remaining time: 9.256239414215088
2017-10-11 19:18:56,530 golem DEBUG Element not found yet, remaining time: 8.748561382293701
2017-10-11 19:18:57,039 golem DEBUG Element not found yet, remaining time: 8.23969841003418
2017-10-11 19:18:57,548 golem DEBUG Element not found yet, remaining time: 7.731299638748169
2017-10-11 19:18:58,059 golem DEBUG Element not found yet, remaining time: 7.2211267948150635
2017-10-11 19:18:58,566 golem DEBUG Element not found yet, remaining time: 6.713879823684692
2017-10-11 19:18:59,074 golem DEBUG Element not found yet, remaining time: 6.206547021865845
2017-10-11 19:18:59,582 golem DEBUG Element not found yet, remaining time: 5.698405981063843
2017-10-11 19:19:00,093 golem DEBUG Element not found yet, remaining time: 5.187979221343994
2017-10-11 19:19:00,601 golem DEBUG Element not found yet, remaining time: 4.680292129516602
2017-10-11 19:19:01,112 golem DEBUG Element not found yet, remaining time: 4.169817209243774
2017-10-11 19:19:01,620 golem DEBUG Element not found yet, remaining time: 3.662802219390869
2017-10-11 19:19:02,130 golem DEBUG Element not found yet, remaining time: 3.152510166168213
2017-10-11 19:19:02,641 golem DEBUG Element not found yet, remaining time: 2.642825126647949
2017-10-11 19:19:03,152 golem DEBUG Element not found yet, remaining time: 2.1319739818573
2017-10-11 19:19:03,659 golem DEBUG Element not found yet, remaining time: 1.6248209476470947
2017-10-11 19:19:04,169 golem DEBUG Element not found yet, remaining time: 1.1160540580749512
2017-10-11 19:19:04,679 golem DEBUG Element not found yet, remaining time: 0.6065871715545654
2017-10-11 19:19:05,188 golem DEBUG Element not found yet, remaining time: 0.09721946716308594
2017-10-11 19:19:05,711 golem INFO Take screenshot error
2017-10-11 19:19:06,279 golem ERROR An error ocurred:
Traceback (most recent call last):
  File "/Users/lucianofeo/Desktop/golem/src/golem/browser.py", line 19, in _find_webelement
    webelement = root.find_element_by_id(selector_value)
  File "/Users/lucianofeo/Desktop/golem/env/lib/python3.6/site-packages/selenium-3.6.0-py3.6.egg/selenium/webdriver/remote/webdriver.py", line 341, in find_element_by_id
    return self.find_element(by=By.ID, value=id_)
  File "/Users/lucianofeo/Desktop/golem/env/lib/python3.6/site-packages/selenium-3.6.0-py3.6.egg/selenium/webdriver/remote/webdriver.py", line 843, in find_element
    'value': value})['value']
  File "/Users/lucianofeo/Desktop/golem/env/lib/python3.6/site-packages/selenium-3.6.0-py3.6.egg/selenium/webdriver/remote/webdriver.py", line 308, in execute
    self.error_handler.check_response(response)
  File "/Users/lucianofeo/Desktop/golem/env/lib/python3.6/site-packages/selenium-3.6.0-py3.6.egg/selenium/webdriver/remote/errorhandler.py", line 194, in check_response
    raise exception_class(message, screen, stacktrace)
selenium.common.exceptions.NoSuchElementException: Message: no such element: Unable to locate element: {"method":"id","selector":"username"}
  (Session info: chrome=61.0.3163.100)
  (Driver info: chromedriver=2.32.498537 (cb2f855cbc7b82e20387eaf9a43f6b99b6105061),platform=Mac OS X 10.12.5 x86_64)


During handling of the above exception, another exception occurred:

Traceback (most recent call last):
  File "/Users/lucianofeo/Desktop/golem/src/golem/browser.py", line 19, in _find_webelement
    webelement = root.find_element_by_id(selector_value)
  File "/Users/lucianofeo/Desktop/golem/env/lib/python3.6/site-packages/selenium-3.6.0-py3.6.egg/selenium/webdriver/remote/webdriver.py", line 341, in find_element_by_id
    return self.find_element(by=By.ID, value=id_)
  File "/Users/lucianofeo/Desktop/golem/env/lib/python3.6/site-packages/selenium-3.6.0-py3.6.egg/selenium/webdriver/remote/webdriver.py", line 843, in find_element
    'value': value})['value']
  File "/Users/lucianofeo/Desktop/golem/env/lib/python3.6/site-packages/selenium-3.6.0-py3.6.egg/selenium/webdriver/remote/webdriver.py", line 308, in execute
    self.error_handler.check_response(response)
  File "/Users/lucianofeo/Desktop/golem/env/lib/python3.6/site-packages/selenium-3.6.0-py3.6.egg/selenium/webdriver/remote/errorhandler.py", line 194, in check_response
    raise exception_class(message, screen, stacktrace)
selenium.common.exceptions.NoSuchElementException: Message: no such element: Unable to locate element: {"method":"id","selector":"username"}
  (Session info: chrome=61.0.3163.100)
  (Driver info: chromedriver=2.32.498537 (cb2f855cbc7b82e20387eaf9a43f6b99b6105061),platform=Mac OS X 10.12.5 x86_64)


During handling of the above exception, another exception occurred:

Traceback (most recent call last):
  File "/Users/lucianofeo/Desktop/golem/src/golem/browser.py", line 19, in _find_webelement
    webelement = root.find_element_by_id(selector_value)
  File "/Users/lucianofeo/Desktop/golem/env/lib/python3.6/site-packages/selenium-3.6.0-py3.6.egg/selenium/webdriver/remote/webdriver.py", line 341, in find_element_by_id
    return self.find_element(by=By.ID, value=id_)
  File "/Users/lucianofeo/Desktop/golem/env/lib/python3.6/site-packages/selenium-3.6.0-py3.6.egg/selenium/webdriver/remote/webdriver.py", line 843, in find_element
    'value': value})['value']
  File "/Users/lucianofeo/Desktop/golem/env/lib/python3.6/site-packages/selenium-3.6.0-py3.6.egg/selenium/webdriver/remote/webdriver.py", line 308, in execute
    self.error_handler.check_response(response)
  File "/Users/lucianofeo/Desktop/golem/env/lib/python3.6/site-packages/selenium-3.6.0-py3.6.egg/selenium/webdriver/remote/errorhandler.py", line 194, in check_response
    raise exception_class(message, screen, stacktrace)
selenium.common.exceptions.NoSuchElementException: Message: no such element: Unable to locate element: {"method":"id","selector":"username"}
  (Session info: chrome=61.0.3163.100)
  (Driver info: chromedriver=2.32.498537 (cb2f855cbc7b82e20387eaf9a43f6b99b6105061),platform=Mac OS X 10.12.5 x86_64)


During handling of the above exception, another exception occurred:

Traceback (most recent call last):
  File "/Users/lucianofeo/Desktop/golem/src/golem/browser.py", line 19, in _find_webelement
    webelement = root.find_element_by_id(selector_value)
  File "/Users/lucianofeo/Desktop/golem/env/lib/python3.6/site-packages/selenium-3.6.0-py3.6.egg/selenium/webdriver/remote/webdriver.py", line 341, in find_element_by_id
    return self.find_element(by=By.ID, value=id_)
  File "/Users/lucianofeo/Desktop/golem/env/lib/python3.6/site-packages/selenium-3.6.0-py3.6.egg/selenium/webdriver/remote/webdriver.py", line 843, in find_element
    'value': value})['value']
  File "/Users/lucianofeo/Desktop/golem/env/lib/python3.6/site-packages/selenium-3.6.0-py3.6.egg/selenium/webdriver/remote/webdriver.py", line 308, in execute
    self.error_handler.check_response(response)
  File "/Users/lucianofeo/Desktop/golem/env/lib/python3.6/site-packages/selenium-3.6.0-py3.6.egg/selenium/webdriver/remote/errorhandler.py", line 194, in check_response
    raise exception_class(message, screen, stacktrace)
selenium.common.exceptions.NoSuchElementException: Message: no such element: Unable to locate element: {"method":"id","selector":"username"}
  (Session info: chrome=61.0.3163.100)
  (Driver info: chromedriver=2.32.498537 (cb2f855cbc7b82e20387eaf9a43f6b99b6105061),platform=Mac OS X 10.12.5 x86_64)


During handling of the above exception, another exception occurred:

Traceback (most recent call last):
  File "/Users/lucianofeo/Desktop/golem/src/golem/browser.py", line 19, in _find_webelement
    webelement = root.find_element_by_id(selector_value)
  File "/Users/lucianofeo/Desktop/golem/env/lib/python3.6/site-packages/selenium-3.6.0-py3.6.egg/selenium/webdriver/remote/webdriver.py", line 341, in find_element_by_id
    return self.find_element(by=By.ID, value=id_)
  File "/Users/lucianofeo/Desktop/golem/env/lib/python3.6/site-packages/selenium-3.6.0-py3.6.egg/selenium/webdriver/remote/webdriver.py", line 843, in find_element
    'value': value})['value']
  File "/Users/lucianofeo/Desktop/golem/env/lib/python3.6/site-packages/selenium-3.6.0-py3.6.egg/selenium/webdriver/remote/webdriver.py", line 308, in execute
    self.error_handler.check_response(response)
  File "/Users/lucianofeo/Desktop/golem/env/lib/python3.6/site-packages/selenium-3.6.0-py3.6.egg/selenium/webdriver/remote/errorhandler.py", line 194, in check_response
    raise exception_class(message, screen, stacktrace)
selenium.common.exceptions.NoSuchElementException: Message: no such element: Unable to locate element: {"method":"id","selector":"username"}
  (Session info: chrome=61.0.3163.100)
  (Driver info: chromedriver=2.32.498537 (cb2f855cbc7b82e20387eaf9a43f6b99b6105061),platform=Mac OS X 10.12.5 x86_64)


During handling of the above exception, another exception occurred:

Traceback (most recent call last):
  File "/Users/lucianofeo/Desktop/golem/src/golem/browser.py", line 19, in _find_webelement
    webelement = root.find_element_by_id(selector_value)
  File "/Users/lucianofeo/Desktop/golem/env/lib/python3.6/site-packages/selenium-3.6.0-py3.6.egg/selenium/webdriver/remote/webdriver.py", line 341, in find_element_by_id
    return self.find_element(by=By.ID, value=id_)
  File "/Users/lucianofeo/Desktop/golem/env/lib/python3.6/site-packages/selenium-3.6.0-py3.6.egg/selenium/webdriver/remote/webdriver.py", line 843, in find_element
    'value': value})['value']
  File "/Users/lucianofeo/Desktop/golem/env/lib/python3.6/site-packages/selenium-3.6.0-py3.6.egg/selenium/webdriver/remote/webdriver.py", line 308, in execute
    self.error_handler.check_response(response)
  File "/Users/lucianofeo/Desktop/golem/env/lib/python3.6/site-packages/selenium-3.6.0-py3.6.egg/selenium/webdriver/remote/errorhandler.py", line 194, in check_response
    raise exception_class(message, screen, stacktrace)
selenium.common.exceptions.NoSuchElementException: Message: no such element: Unable to locate element: {"method":"id","selector":"username"}
  (Session info: chrome=61.0.3163.100)
  (Driver info: chromedriver=2.32.498537 (cb2f855cbc7b82e20387eaf9a43f6b99b6105061),platform=Mac OS X 10.12.5 x86_64)


During handling of the above exception, another exception occurred:

Traceback (most recent call last):
  File "/Users/lucianofeo/Desktop/golem/src/golem/browser.py", line 19, in _find_webelement
    webelement = root.find_element_by_id(selector_value)
  File "/Users/lucianofeo/Desktop/golem/env/lib/python3.6/site-packages/selenium-3.6.0-py3.6.egg/selenium/webdriver/remote/webdriver.py", line 341, in find_element_by_id
    return self.find_element(by=By.ID, value=id_)
  File "/Users/lucianofeo/Desktop/golem/env/lib/python3.6/site-packages/selenium-3.6.0-py3.6.egg/selenium/webdriver/remote/webdriver.py", line 843, in find_element
    'value': value})['value']
  File "/Users/lucianofeo/Desktop/golem/env/lib/python3.6/site-packages/selenium-3.6.0-py3.6.egg/selenium/webdriver/remote/webdriver.py", line 308, in execute
    self.error_handler.check_response(response)
  File "/Users/lucianofeo/Desktop/golem/env/lib/python3.6/site-packages/selenium-3.6.0-py3.6.egg/selenium/webdriver/remote/errorhandler.py", line 194, in check_response
    raise exception_class(message, screen, stacktrace)
selenium.common.exceptions.NoSuchElementException: Message: no such element: Unable to locate element: {"method":"id","selector":"username"}
  (Session info: chrome=61.0.3163.100)
  (Driver info: chromedriver=2.32.498537 (cb2f855cbc7b82e20387eaf9a43f6b99b6105061),platform=Mac OS X 10.12.5 x86_64)


During handling of the above exception, another exception occurred:

Traceback (most recent call last):
  File "/Users/lucianofeo/Desktop/golem/src/golem/browser.py", line 19, in _find_webelement
    webelement = root.find_element_by_id(selector_value)
  File "/Users/lucianofeo/Desktop/golem/env/lib/python3.6/site-packages/selenium-3.6.0-py3.6.egg/selenium/webdriver/remote/webdriver.py", line 341, in find_element_by_id
    return self.find_element(by=By.ID, value=id_)
  File "/Users/lucianofeo/Desktop/golem/env/lib/python3.6/site-packages/selenium-3.6.0-py3.6.egg/selenium/webdriver/remote/webdriver.py", line 843, in find_element
    'value': value})['value']
  File "/Users/lucianofeo/Desktop/golem/env/lib/python3.6/site-packages/selenium-3.6.0-py3.6.egg/selenium/webdriver/remote/webdriver.py", line 308, in execute
    self.error_handler.check_response(response)
  File "/Users/lucianofeo/Desktop/golem/env/lib/python3.6/site-packages/selenium-3.6.0-py3.6.egg/selenium/webdriver/remote/errorhandler.py", line 194, in check_response
    raise exception_class(message, screen, stacktrace)
selenium.common.exceptions.NoSuchElementException: Message: no such element: Unable to locate element: {"method":"id","selector":"username"}
  (Session info: chrome=61.0.3163.100)
  (Driver info: chromedriver=2.32.498537 (cb2f855cbc7b82e20387eaf9a43f6b99b6105061),platform=Mac OS X 10.12.5 x86_64)


During handling of the above exception, another exception occurred:

Traceback (most recent call last):
  File "/Users/lucianofeo/Desktop/golem/src/golem/browser.py", line 19, in _find_webelement
    webelement = root.find_element_by_id(selector_value)
  File "/Users/lucianofeo/Desktop/golem/env/lib/python3.6/site-packages/selenium-3.6.0-py3.6.egg/selenium/webdriver/remote/webdriver.py", line 341, in find_element_by_id
    return self.find_element(by=By.ID, value=id_)
  File "/Users/lucianofeo/Desktop/golem/env/lib/python3.6/site-packages/selenium-3.6.0-py3.6.egg/selenium/webdriver/remote/webdriver.py", line 843, in find_element
    'value': value})['value']
  File "/Users/lucianofeo/Desktop/golem/env/lib/python3.6/site-packages/selenium-3.6.0-py3.6.egg/selenium/webdriver/remote/webdriver.py", line 308, in execute
    self.error_handler.check_response(response)
  File "/Users/lucianofeo/Desktop/golem/env/lib/python3.6/site-packages/selenium-3.6.0-py3.6.egg/selenium/webdriver/remote/errorhandler.py", line 194, in check_response
    raise exception_class(message, screen, stacktrace)
selenium.common.exceptions.NoSuchElementException: Message: no such element: Unable to locate element: {"method":"id","selector":"username"}
  (Session info: chrome=61.0.3163.100)
  (Driver info: chromedriver=2.32.498537 (cb2f855cbc7b82e20387eaf9a43f6b99b6105061),platform=Mac OS X 10.12.5 x86_64)


During handling of the above exception, another exception occurred:

Traceback (most recent call last):
  File "/Users/lucianofeo/Desktop/golem/src/golem/browser.py", line 19, in _find_webelement
    webelement = root.find_element_by_id(selector_value)
  File "/Users/lucianofeo/Desktop/golem/env/lib/python3.6/site-packages/selenium-3.6.0-py3.6.egg/selenium/webdriver/remote/webdriver.py", line 341, in find_element_by_id
    return self.find_element(by=By.ID, value=id_)
  File "/Users/lucianofeo/Desktop/golem/env/lib/python3.6/site-packages/selenium-3.6.0-py3.6.egg/selenium/webdriver/remote/webdriver.py", line 843, in find_element
    'value': value})['value']
  File "/Users/lucianofeo/Desktop/golem/env/lib/python3.6/site-packages/selenium-3.6.0-py3.6.egg/selenium/webdriver/remote/webdriver.py", line 308, in execute
    self.error_handler.check_response(response)
  File "/Users/lucianofeo/Desktop/golem/env/lib/python3.6/site-packages/selenium-3.6.0-py3.6.egg/selenium/webdriver/remote/errorhandler.py", line 194, in check_response
    raise exception_class(message, screen, stacktrace)
selenium.common.exceptions.NoSuchElementException: Message: no such element: Unable to locate element: {"method":"id","selector":"username"}
  (Session info: chrome=61.0.3163.100)
  (Driver info: chromedriver=2.32.498537 (cb2f855cbc7b82e20387eaf9a43f6b99b6105061),platform=Mac OS X 10.12.5 x86_64)


During handling of the above exception, another exception occurred:

Traceback (most recent call last):
  File "/Users/lucianofeo/Desktop/golem/src/golem/browser.py", line 19, in _find_webelement
    webelement = root.find_element_by_id(selector_value)
  File "/Users/lucianofeo/Desktop/golem/env/lib/python3.6/site-packages/selenium-3.6.0-py3.6.egg/selenium/webdriver/remote/webdriver.py", line 341, in find_element_by_id
    return self.find_element(by=By.ID, value=id_)
  File "/Users/lucianofeo/Desktop/golem/env/lib/python3.6/site-packages/selenium-3.6.0-py3.6.egg/selenium/webdriver/remote/webdriver.py", line 843, in find_element
    'value': value})['value']
  File "/Users/lucianofeo/Desktop/golem/env/lib/python3.6/site-packages/selenium-3.6.0-py3.6.egg/selenium/webdriver/remote/webdriver.py", line 308, in execute
    self.error_handler.check_response(response)
  File "/Users/lucianofeo/Desktop/golem/env/lib/python3.6/site-packages/selenium-3.6.0-py3.6.egg/selenium/webdriver/remote/errorhandler.py", line 194, in check_response
    raise exception_class(message, screen, stacktrace)
selenium.common.exceptions.NoSuchElementException: Message: no such element: Unable to locate element: {"method":"id","selector":"username"}
  (Session info: chrome=61.0.3163.100)
  (Driver info: chromedriver=2.32.498537 (cb2f855cbc7b82e20387eaf9a43f6b99b6105061),platform=Mac OS X 10.12.5 x86_64)


During handling of the above exception, another exception occurred:

Traceback (most recent call last):
  File "/Users/lucianofeo/Desktop/golem/src/golem/browser.py", line 19, in _find_webelement
    webelement = root.find_element_by_id(selector_value)
  File "/Users/lucianofeo/Desktop/golem/env/lib/python3.6/site-packages/selenium-3.6.0-py3.6.egg/selenium/webdriver/remote/webdriver.py", line 341, in find_element_by_id
    return self.find_element(by=By.ID, value=id_)
  File "/Users/lucianofeo/Desktop/golem/env/lib/python3.6/site-packages/selenium-3.6.0-py3.6.egg/selenium/webdriver/remote/webdriver.py", line 843, in find_element
    'value': value})['value']
  File "/Users/lucianofeo/Desktop/golem/env/lib/python3.6/site-packages/selenium-3.6.0-py3.6.egg/selenium/webdriver/remote/webdriver.py", line 308, in execute
    self.error_handler.check_response(response)
  File "/Users/lucianofeo/Desktop/golem/env/lib/python3.6/site-packages/selenium-3.6.0-py3.6.egg/selenium/webdriver/remote/errorhandler.py", line 194, in check_response
    raise exception_class(message, screen, stacktrace)
selenium.common.exceptions.NoSuchElementException: Message: no such element: Unable to locate element: {"method":"id","selector":"username"}
  (Session info: chrome=61.0.3163.100)
  (Driver info: chromedriver=2.32.498537 (cb2f855cbc7b82e20387eaf9a43f6b99b6105061),platform=Mac OS X 10.12.5 x86_64)


During handling of the above exception, another exception occurred:

Traceback (most recent call last):
  File "/Users/lucianofeo/Desktop/golem/src/golem/browser.py", line 19, in _find_webelement
    webelement = root.find_element_by_id(selector_value)
  File "/Users/lucianofeo/Desktop/golem/env/lib/python3.6/site-packages/selenium-3.6.0-py3.6.egg/selenium/webdriver/remote/webdriver.py", line 341, in find_element_by_id
    return self.find_element(by=By.ID, value=id_)
  File "/Users/lucianofeo/Desktop/golem/env/lib/python3.6/site-packages/selenium-3.6.0-py3.6.egg/selenium/webdriver/remote/webdriver.py", line 843, in find_element
    'value': value})['value']
  File "/Users/lucianofeo/Desktop/golem/env/lib/python3.6/site-packages/selenium-3.6.0-py3.6.egg/selenium/webdriver/remote/webdriver.py", line 308, in execute
    self.error_handler.check_response(response)
  File "/Users/lucianofeo/Desktop/golem/env/lib/python3.6/site-packages/selenium-3.6.0-py3.6.egg/selenium/webdriver/remote/errorhandler.py", line 194, in check_response
    raise exception_class(message, screen, stacktrace)
selenium.common.exceptions.NoSuchElementException: Message: no such element: Unable to locate element: {"method":"id","selector":"username"}
  (Session info: chrome=61.0.3163.100)
  (Driver info: chromedriver=2.32.498537 (cb2f855cbc7b82e20387eaf9a43f6b99b6105061),platform=Mac OS X 10.12.5 x86_64)


During handling of the above exception, another exception occurred:

Traceback (most recent call last):
  File "/Users/lucianofeo/Desktop/golem/src/golem/browser.py", line 19, in _find_webelement
    webelement = root.find_element_by_id(selector_value)
  File "/Users/lucianofeo/Desktop/golem/env/lib/python3.6/site-packages/selenium-3.6.0-py3.6.egg/selenium/webdriver/remote/webdriver.py", line 341, in find_element_by_id
    return self.find_element(by=By.ID, value=id_)
  File "/Users/lucianofeo/Desktop/golem/env/lib/python3.6/site-packages/selenium-3.6.0-py3.6.egg/selenium/webdriver/remote/webdriver.py", line 843, in find_element
    'value': value})['value']
  File "/Users/lucianofeo/Desktop/golem/env/lib/python3.6/site-packages/selenium-3.6.0-py3.6.egg/selenium/webdriver/remote/webdriver.py", line 308, in execute
    self.error_handler.check_response(response)
  File "/Users/lucianofeo/Desktop/golem/env/lib/python3.6/site-packages/selenium-3.6.0-py3.6.egg/selenium/webdriver/remote/errorhandler.py", line 194, in check_response
    raise exception_class(message, screen, stacktrace)
selenium.common.exceptions.NoSuchElementException: Message: no such element: Unable to locate element: {"method":"id","selector":"username"}
  (Session info: chrome=61.0.3163.100)
  (Driver info: chromedriver=2.32.498537 (cb2f855cbc7b82e20387eaf9a43f6b99b6105061),platform=Mac OS X 10.12.5 x86_64)


During handling of the above exception, another exception occurred:

Traceback (most recent call last):
  File "/Users/lucianofeo/Desktop/golem/src/golem/browser.py", line 19, in _find_webelement
    webelement = root.find_element_by_id(selector_value)
  File "/Users/lucianofeo/Desktop/golem/env/lib/python3.6/site-packages/selenium-3.6.0-py3.6.egg/selenium/webdriver/remote/webdriver.py", line 341, in find_element_by_id
    return self.find_element(by=By.ID, value=id_)
  File "/Users/lucianofeo/Desktop/golem/env/lib/python3.6/site-packages/selenium-3.6.0-py3.6.egg/selenium/webdriver/remote/webdriver.py", line 843, in find_element
    'value': value})['value']
  File "/Users/lucianofeo/Desktop/golem/env/lib/python3.6/site-packages/selenium-3.6.0-py3.6.egg/selenium/webdriver/remote/webdriver.py", line 308, in execute
    self.error_handler.check_response(response)
  File "/Users/lucianofeo/Desktop/golem/env/lib/python3.6/site-packages/selenium-3.6.0-py3.6.egg/selenium/webdriver/remote/errorhandler.py", line 194, in check_response
    raise exception_class(message, screen, stacktrace)
selenium.common.exceptions.NoSuchElementException: Message: no such element: Unable to locate element: {"method":"id","selector":"username"}
  (Session info: chrome=61.0.3163.100)
  (Driver info: chromedriver=2.32.498537 (cb2f855cbc7b82e20387eaf9a43f6b99b6105061),platform=Mac OS X 10.12.5 x86_64)


During handling of the above exception, another exception occurred:

Traceback (most recent call last):
  File "/Users/lucianofeo/Desktop/golem/src/golem/browser.py", line 19, in _find_webelement
    webelement = root.find_element_by_id(selector_value)
  File "/Users/lucianofeo/Desktop/golem/env/lib/python3.6/site-packages/selenium-3.6.0-py3.6.egg/selenium/webdriver/remote/webdriver.py", line 341, in find_element_by_id
    return self.find_element(by=By.ID, value=id_)
  File "/Users/lucianofeo/Desktop/golem/env/lib/python3.6/site-packages/selenium-3.6.0-py3.6.egg/selenium/webdriver/remote/webdriver.py", line 843, in find_element
    'value': value})['value']
  File "/Users/lucianofeo/Desktop/golem/env/lib/python3.6/site-packages/selenium-3.6.0-py3.6.egg/selenium/webdriver/remote/webdriver.py", line 308, in execute
    self.error_handler.check_response(response)
  File "/Users/lucianofeo/Desktop/golem/env/lib/python3.6/site-packages/selenium-3.6.0-py3.6.egg/selenium/webdriver/remote/errorhandler.py", line 194, in check_response
    raise exception_class(message, screen, stacktrace)
selenium.common.exceptions.NoSuchElementException: Message: no such element: Unable to locate element: {"method":"id","selector":"username"}
  (Session info: chrome=61.0.3163.100)
  (Driver info: chromedriver=2.32.498537 (cb2f855cbc7b82e20387eaf9a43f6b99b6105061),platform=Mac OS X 10.12.5 x86_64)


During handling of the above exception, another exception occurred:

Traceback (most recent call last):
  File "/Users/lucianofeo/Desktop/golem/src/golem/browser.py", line 19, in _find_webelement
    webelement = root.find_element_by_id(selector_value)
  File "/Users/lucianofeo/Desktop/golem/env/lib/python3.6/site-packages/selenium-3.6.0-py3.6.egg/selenium/webdriver/remote/webdriver.py", line 341, in find_element_by_id
    return self.find_element(by=By.ID, value=id_)
  File "/Users/lucianofeo/Desktop/golem/env/lib/python3.6/site-packages/selenium-3.6.0-py3.6.egg/selenium/webdriver/remote/webdriver.py", line 843, in find_element
    'value': value})['value']
  File "/Users/lucianofeo/Desktop/golem/env/lib/python3.6/site-packages/selenium-3.6.0-py3.6.egg/selenium/webdriver/remote/webdriver.py", line 308, in execute
    self.error_handler.check_response(response)
  File "/Users/lucianofeo/Desktop/golem/env/lib/python3.6/site-packages/selenium-3.6.0-py3.6.egg/selenium/webdriver/remote/errorhandler.py", line 194, in check_response
    raise exception_class(message, screen, stacktrace)
selenium.common.exceptions.NoSuchElementException: Message: no such element: Unable to locate element: {"method":"id","selector":"username"}
  (Session info: chrome=61.0.3163.100)
  (Driver info: chromedriver=2.32.498537 (cb2f855cbc7b82e20387eaf9a43f6b99b6105061),platform=Mac OS X 10.12.5 x86_64)


During handling of the above exception, another exception occurred:

Traceback (most recent call last):
  File "/Users/lucianofeo/Desktop/golem/src/golem/browser.py", line 19, in _find_webelement
    webelement = root.find_element_by_id(selector_value)
  File "/Users/lucianofeo/Desktop/golem/env/lib/python3.6/site-packages/selenium-3.6.0-py3.6.egg/selenium/webdriver/remote/webdriver.py", line 341, in find_element_by_id
    return self.find_element(by=By.ID, value=id_)
  File "/Users/lucianofeo/Desktop/golem/env/lib/python3.6/site-packages/selenium-3.6.0-py3.6.egg/selenium/webdriver/remote/webdriver.py", line 843, in find_element
    'value': value})['value']
  File "/Users/lucianofeo/Desktop/golem/env/lib/python3.6/site-packages/selenium-3.6.0-py3.6.egg/selenium/webdriver/remote/webdriver.py", line 308, in execute
    self.error_handler.check_response(response)
  File "/Users/lucianofeo/Desktop/golem/env/lib/python3.6/site-packages/selenium-3.6.0-py3.6.egg/selenium/webdriver/remote/errorhandler.py", line 194, in check_response
    raise exception_class(message, screen, stacktrace)
selenium.common.exceptions.NoSuchElementException: Message: no such element: Unable to locate element: {"method":"id","selector":"username"}
  (Session info: chrome=61.0.3163.100)
  (Driver info: chromedriver=2.32.498537 (cb2f855cbc7b82e20387eaf9a43f6b99b6105061),platform=Mac OS X 10.12.5 x86_64)


During handling of the above exception, another exception occurred:

Traceback (most recent call last):
  File "/Users/lucianofeo/Desktop/golem/src/golem/browser.py", line 19, in _find_webelement
    webelement = root.find_element_by_id(selector_value)
  File "/Users/lucianofeo/Desktop/golem/env/lib/python3.6/site-packages/selenium-3.6.0-py3.6.egg/selenium/webdriver/remote/webdriver.py", line 341, in find_element_by_id
    return self.find_element(by=By.ID, value=id_)
  File "/Users/lucianofeo/Desktop/golem/env/lib/python3.6/site-packages/selenium-3.6.0-py3.6.egg/selenium/webdriver/remote/webdriver.py", line 843, in find_element
    'value': value})['value']
  File "/Users/lucianofeo/Desktop/golem/env/lib/python3.6/site-packages/selenium-3.6.0-py3.6.egg/selenium/webdriver/remote/webdriver.py", line 308, in execute
    self.error_handler.check_response(response)
  File "/Users/lucianofeo/Desktop/golem/env/lib/python3.6/site-packages/selenium-3.6.0-py3.6.egg/selenium/webdriver/remote/errorhandler.py", line 194, in check_response
    raise exception_class(message, screen, stacktrace)
selenium.common.exceptions.NoSuchElementException: Message: no such element: Unable to locate element: {"method":"id","selector":"username"}
  (Session info: chrome=61.0.3163.100)
  (Driver info: chromedriver=2.32.498537 (cb2f855cbc7b82e20387eaf9a43f6b99b6105061),platform=Mac OS X 10.12.5 x86_64)


During handling of the above exception, another exception occurred:

Traceback (most recent call last):
  File "/Users/lucianofeo/Desktop/golem/src/golem/browser.py", line 19, in _find_webelement
    webelement = root.find_element_by_id(selector_value)
  File "/Users/lucianofeo/Desktop/golem/env/lib/python3.6/site-packages/selenium-3.6.0-py3.6.egg/selenium/webdriver/remote/webdriver.py", line 341, in find_element_by_id
    return self.find_element(by=By.ID, value=id_)
  File "/Users/lucianofeo/Desktop/golem/env/lib/python3.6/site-packages/selenium-3.6.0-py3.6.egg/selenium/webdriver/remote/webdriver.py", line 843, in find_element
    'value': value})['value']
  File "/Users/lucianofeo/Desktop/golem/env/lib/python3.6/site-packages/selenium-3.6.0-py3.6.egg/selenium/webdriver/remote/webdriver.py", line 308, in execute
    self.error_handler.check_response(response)
  File "/Users/lucianofeo/Desktop/golem/env/lib/python3.6/site-packages/selenium-3.6.0-py3.6.egg/selenium/webdriver/remote/errorhandler.py", line 194, in check_response
    raise exception_class(message, screen, stacktrace)
selenium.common.exceptions.NoSuchElementException: Message: no such element: Unable to locate element: {"method":"id","selector":"username"}
  (Session info: chrome=61.0.3163.100)
  (Driver info: chromedriver=2.32.498537 (cb2f855cbc7b82e20387eaf9a43f6b99b6105061),platform=Mac OS X 10.12.5 x86_64)


During handling of the above exception, another exception occurred:

Traceback (most recent call last):
  File "/Users/lucianofeo/Desktop/golem/src/golem/browser.py", line 19, in _find_webelement
    webelement = root.find_element_by_id(selector_value)
  File "/Users/lucianofeo/Desktop/golem/env/lib/python3.6/site-packages/selenium-3.6.0-py3.6.egg/selenium/webdriver/remote/webdriver.py", line 341, in find_element_by_id
    return self.find_element(by=By.ID, value=id_)
  File "/Users/lucianofeo/Desktop/golem/env/lib/python3.6/site-packages/selenium-3.6.0-py3.6.egg/selenium/webdriver/remote/webdriver.py", line 843, in find_element
    'value': value})['value']
  File "/Users/lucianofeo/Desktop/golem/env/lib/python3.6/site-packages/selenium-3.6.0-py3.6.egg/selenium/webdriver/remote/webdriver.py", line 308, in execute
    self.error_handler.check_response(response)
  File "/Users/lucianofeo/Desktop/golem/env/lib/python3.6/site-packages/selenium-3.6.0-py3.6.egg/selenium/webdriver/remote/errorhandler.py", line 194, in check_response
    raise exception_class(message, screen, stacktrace)
selenium.common.exceptions.NoSuchElementException: Message: no such element: Unable to locate element: {"method":"id","selector":"username"}
  (Session info: chrome=61.0.3163.100)
  (Driver info: chromedriver=2.32.498537 (cb2f855cbc7b82e20387eaf9a43f6b99b6105061),platform=Mac OS X 10.12.5 x86_64)


During handling of the above exception, another exception occurred:

Traceback (most recent call last):
  File "/Users/lucianofeo/Desktop/golem/src/golem/browser.py", line 19, in _find_webelement
    webelement = root.find_element_by_id(selector_value)
  File "/Users/lucianofeo/Desktop/golem/env/lib/python3.6/site-packages/selenium-3.6.0-py3.6.egg/selenium/webdriver/remote/webdriver.py", line 341, in find_element_by_id
    return self.find_element(by=By.ID, value=id_)
  File "/Users/lucianofeo/Desktop/golem/env/lib/python3.6/site-packages/selenium-3.6.0-py3.6.egg/selenium/webdriver/remote/webdriver.py", line 843, in find_element
    'value': value})['value']
  File "/Users/lucianofeo/Desktop/golem/env/lib/python3.6/site-packages/selenium-3.6.0-py3.6.egg/selenium/webdriver/remote/webdriver.py", line 308, in execute
    self.error_handler.check_response(response)
  File "/Users/lucianofeo/Desktop/golem/env/lib/python3.6/site-packages/selenium-3.6.0-py3.6.egg/selenium/webdriver/remote/errorhandler.py", line 194, in check_response
    raise exception_class(message, screen, stacktrace)
selenium.common.exceptions.NoSuchElementException: Message: no such element: Unable to locate element: {"method":"id","selector":"username"}
  (Session info: chrome=61.0.3163.100)
  (Driver info: chromedriver=2.32.498537 (cb2f855cbc7b82e20387eaf9a43f6b99b6105061),platform=Mac OS X 10.12.5 x86_64)


During handling of the above exception, another exception occurred:

Traceback (most recent call last):
  File "/Users/lucianofeo/Desktop/golem/src/golem/browser.py", line 19, in _find_webelement
    webelement = root.find_element_by_id(selector_value)
  File "/Users/lucianofeo/Desktop/golem/env/lib/python3.6/site-packages/selenium-3.6.0-py3.6.egg/selenium/webdriver/remote/webdriver.py", line 341, in find_element_by_id
    return self.find_element(by=By.ID, value=id_)
  File "/Users/lucianofeo/Desktop/golem/env/lib/python3.6/site-packages/selenium-3.6.0-py3.6.egg/selenium/webdriver/remote/webdriver.py", line 843, in find_element
    'value': value})['value']
  File "/Users/lucianofeo/Desktop/golem/env/lib/python3.6/site-packages/selenium-3.6.0-py3.6.egg/selenium/webdriver/remote/webdriver.py", line 308, in execute
    self.error_handler.check_response(response)
  File "/Users/lucianofeo/Desktop/golem/env/lib/python3.6/site-packages/selenium-3.6.0-py3.6.egg/selenium/webdriver/remote/errorhandler.py", line 194, in check_response
    raise exception_class(message, screen, stacktrace)
selenium.common.exceptions.NoSuchElementException: Message: no such element: Unable to locate element: {"method":"id","selector":"username"}
  (Session info: chrome=61.0.3163.100)
  (Driver info: chromedriver=2.32.498537 (cb2f855cbc7b82e20387eaf9a43f6b99b6105061),platform=Mac OS X 10.12.5 x86_64)


During handling of the above exception, another exception occurred:

Traceback (most recent call last):
  File "/Users/lucianofeo/Desktop/golem/src/golem/browser.py", line 19, in _find_webelement
    webelement = root.find_element_by_id(selector_value)
  File "/Users/lucianofeo/Desktop/golem/env/lib/python3.6/site-packages/selenium-3.6.0-py3.6.egg/selenium/webdriver/remote/webdriver.py", line 341, in find_element_by_id
    return self.find_element(by=By.ID, value=id_)
  File "/Users/lucianofeo/Desktop/golem/env/lib/python3.6/site-packages/selenium-3.6.0-py3.6.egg/selenium/webdriver/remote/webdriver.py", line 843, in find_element
    'value': value})['value']
  File "/Users/lucianofeo/Desktop/golem/env/lib/python3.6/site-packages/selenium-3.6.0-py3.6.egg/selenium/webdriver/remote/webdriver.py", line 308, in execute
    self.error_handler.check_response(response)
  File "/Users/lucianofeo/Desktop/golem/env/lib/python3.6/site-packages/selenium-3.6.0-py3.6.egg/selenium/webdriver/remote/errorhandler.py", line 194, in check_response
    raise exception_class(message, screen, stacktrace)
selenium.common.exceptions.NoSuchElementException: Message: no such element: Unable to locate element: {"method":"id","selector":"username"}
  (Session info: chrome=61.0.3163.100)
  (Driver info: chromedriver=2.32.498537 (cb2f855cbc7b82e20387eaf9a43f6b99b6105061),platform=Mac OS X 10.12.5 x86_64)


During handling of the above exception, another exception occurred:

Traceback (most recent call last):
  File "/Users/lucianofeo/Desktop/golem/src/golem/browser.py", line 19, in _find_webelement
    webelement = root.find_element_by_id(selector_value)
  File "/Users/lucianofeo/Desktop/golem/env/lib/python3.6/site-packages/selenium-3.6.0-py3.6.egg/selenium/webdriver/remote/webdriver.py", line 341, in find_element_by_id
    return self.find_element(by=By.ID, value=id_)
  File "/Users/lucianofeo/Desktop/golem/env/lib/python3.6/site-packages/selenium-3.6.0-py3.6.egg/selenium/webdriver/remote/webdriver.py", line 843, in find_element
    'value': value})['value']
  File "/Users/lucianofeo/Desktop/golem/env/lib/python3.6/site-packages/selenium-3.6.0-py3.6.egg/selenium/webdriver/remote/webdriver.py", line 308, in execute
    self.error_handler.check_response(response)
  File "/Users/lucianofeo/Desktop/golem/env/lib/python3.6/site-packages/selenium-3.6.0-py3.6.egg/selenium/webdriver/remote/errorhandler.py", line 194, in check_response
    raise exception_class(message, screen, stacktrace)
selenium.common.exceptions.NoSuchElementException: Message: no such element: Unable to locate element: {"method":"id","selector":"username"}
  (Session info: chrome=61.0.3163.100)
  (Driver info: chromedriver=2.32.498537 (cb2f855cbc7b82e20387eaf9a43f6b99b6105061),platform=Mac OS X 10.12.5 x86_64)


During handling of the above exception, another exception occurred:

Traceback (most recent call last):
  File "/Users/lucianofeo/Desktop/golem/src/golem/browser.py", line 19, in _find_webelement
    webelement = root.find_element_by_id(selector_value)
  File "/Users/lucianofeo/Desktop/golem/env/lib/python3.6/site-packages/selenium-3.6.0-py3.6.egg/selenium/webdriver/remote/webdriver.py", line 341, in find_element_by_id
    return self.find_element(by=By.ID, value=id_)
  File "/Users/lucianofeo/Desktop/golem/env/lib/python3.6/site-packages/selenium-3.6.0-py3.6.egg/selenium/webdriver/remote/webdriver.py", line 843, in find_element
    'value': value})['value']
  File "/Users/lucianofeo/Desktop/golem/env/lib/python3.6/site-packages/selenium-3.6.0-py3.6.egg/selenium/webdriver/remote/webdriver.py", line 308, in execute
    self.error_handler.check_response(response)
  File "/Users/lucianofeo/Desktop/golem/env/lib/python3.6/site-packages/selenium-3.6.0-py3.6.egg/selenium/webdriver/remote/errorhandler.py", line 194, in check_response
    raise exception_class(message, screen, stacktrace)
selenium.common.exceptions.NoSuchElementException: Message: no such element: Unable to locate element: {"method":"id","selector":"username"}
  (Session info: chrome=61.0.3163.100)
  (Driver info: chromedriver=2.32.498537 (cb2f855cbc7b82e20387eaf9a43f6b99b6105061),platform=Mac OS X 10.12.5 x86_64)


During handling of the above exception, another exception occurred:

Traceback (most recent call last):
  File "/Users/lucianofeo/Desktop/golem/src/golem/browser.py", line 19, in _find_webelement
    webelement = root.find_element_by_id(selector_value)
  File "/Users/lucianofeo/Desktop/golem/env/lib/python3.6/site-packages/selenium-3.6.0-py3.6.egg/selenium/webdriver/remote/webdriver.py", line 341, in find_element_by_id
    return self.find_element(by=By.ID, value=id_)
  File "/Users/lucianofeo/Desktop/golem/env/lib/python3.6/site-packages/selenium-3.6.0-py3.6.egg/selenium/webdriver/remote/webdriver.py", line 843, in find_element
    'value': value})['value']
  File "/Users/lucianofeo/Desktop/golem/env/lib/python3.6/site-packages/selenium-3.6.0-py3.6.egg/selenium/webdriver/remote/webdriver.py", line 308, in execute
    self.error_handler.check_response(response)
  File "/Users/lucianofeo/Desktop/golem/env/lib/python3.6/site-packages/selenium-3.6.0-py3.6.egg/selenium/webdriver/remote/errorhandler.py", line 194, in check_response
    raise exception_class(message, screen, stacktrace)
selenium.common.exceptions.NoSuchElementException: Message: no such element: Unable to locate element: {"method":"id","selector":"username"}
  (Session info: chrome=61.0.3163.100)
  (Driver info: chromedriver=2.32.498537 (cb2f855cbc7b82e20387eaf9a43f6b99b6105061),platform=Mac OS X 10.12.5 x86_64)


During handling of the above exception, another exception occurred:

Traceback (most recent call last):
  File "/Users/lucianofeo/Desktop/golem/src/golem/browser.py", line 19, in _find_webelement
    webelement = root.find_element_by_id(selector_value)
  File "/Users/lucianofeo/Desktop/golem/env/lib/python3.6/site-packages/selenium-3.6.0-py3.6.egg/selenium/webdriver/remote/webdriver.py", line 341, in find_element_by_id
    return self.find_element(by=By.ID, value=id_)
  File "/Users/lucianofeo/Desktop/golem/env/lib/python3.6/site-packages/selenium-3.6.0-py3.6.egg/selenium/webdriver/remote/webdriver.py", line 843, in find_element
    'value': value})['value']
  File "/Users/lucianofeo/Desktop/golem/env/lib/python3.6/site-packages/selenium-3.6.0-py3.6.egg/selenium/webdriver/remote/webdriver.py", line 308, in execute
    self.error_handler.check_response(response)
  File "/Users/lucianofeo/Desktop/golem/env/lib/python3.6/site-packages/selenium-3.6.0-py3.6.egg/selenium/webdriver/remote/errorhandler.py", line 194, in check_response
    raise exception_class(message, screen, stacktrace)
selenium.common.exceptions.NoSuchElementException: Message: no such element: Unable to locate element: {"method":"id","selector":"username"}
  (Session info: chrome=61.0.3163.100)
  (Driver info: chromedriver=2.32.498537 (cb2f855cbc7b82e20387eaf9a43f6b99b6105061),platform=Mac OS X 10.12.5 x86_64)


During handling of the above exception, another exception occurred:

Traceback (most recent call last):
  File "/Users/lucianofeo/Desktop/golem/src/golem/browser.py", line 19, in _find_webelement
    webelement = root.find_element_by_id(selector_value)
  File "/Users/lucianofeo/Desktop/golem/env/lib/python3.6/site-packages/selenium-3.6.0-py3.6.egg/selenium/webdriver/remote/webdriver.py", line 341, in find_element_by_id
    return self.find_element(by=By.ID, value=id_)
  File "/Users/lucianofeo/Desktop/golem/env/lib/python3.6/site-packages/selenium-3.6.0-py3.6.egg/selenium/webdriver/remote/webdriver.py", line 843, in find_element
    'value': value})['value']
  File "/Users/lucianofeo/Desktop/golem/env/lib/python3.6/site-packages/selenium-3.6.0-py3.6.egg/selenium/webdriver/remote/webdriver.py", line 308, in execute
    self.error_handler.check_response(response)
  File "/Users/lucianofeo/Desktop/golem/env/lib/python3.6/site-packages/selenium-3.6.0-py3.6.egg/selenium/webdriver/remote/errorhandler.py", line 194, in check_response
    raise exception_class(message, screen, stacktrace)
selenium.common.exceptions.NoSuchElementException: Message: no such element: Unable to locate element: {"method":"id","selector":"username"}
  (Session info: chrome=61.0.3163.100)
  (Driver info: chromedriver=2.32.498537 (cb2f855cbc7b82e20387eaf9a43f6b99b6105061),platform=Mac OS X 10.12.5 x86_64)


During handling of the above exception, another exception occurred:

Traceback (most recent call last):
  File "/Users/lucianofeo/Desktop/golem/src/golem/browser.py", line 19, in _find_webelement
    webelement = root.find_element_by_id(selector_value)
  File "/Users/lucianofeo/Desktop/golem/env/lib/python3.6/site-packages/selenium-3.6.0-py3.6.egg/selenium/webdriver/remote/webdriver.py", line 341, in find_element_by_id
    return self.find_element(by=By.ID, value=id_)
  File "/Users/lucianofeo/Desktop/golem/env/lib/python3.6/site-packages/selenium-3.6.0-py3.6.egg/selenium/webdriver/remote/webdriver.py", line 843, in find_element
    'value': value})['value']
  File "/Users/lucianofeo/Desktop/golem/env/lib/python3.6/site-packages/selenium-3.6.0-py3.6.egg/selenium/webdriver/remote/webdriver.py", line 308, in execute
    self.error_handler.check_response(response)
  File "/Users/lucianofeo/Desktop/golem/env/lib/python3.6/site-packages/selenium-3.6.0-py3.6.egg/selenium/webdriver/remote/errorhandler.py", line 194, in check_response
    raise exception_class(message, screen, stacktrace)
selenium.common.exceptions.NoSuchElementException: Message: no such element: Unable to locate element: {"method":"id","selector":"username"}
  (Session info: chrome=61.0.3163.100)
  (Driver info: chromedriver=2.32.498537 (cb2f855cbc7b82e20387eaf9a43f6b99b6105061),platform=Mac OS X 10.12.5 x86_64)


During handling of the above exception, another exception occurred:

Traceback (most recent call last):
  File "/Users/lucianofeo/Desktop/golem/src/golem/browser.py", line 19, in _find_webelement
    webelement = root.find_element_by_id(selector_value)
  File "/Users/lucianofeo/Desktop/golem/env/lib/python3.6/site-packages/selenium-3.6.0-py3.6.egg/selenium/webdriver/remote/webdriver.py", line 341, in find_element_by_id
    return self.find_element(by=By.ID, value=id_)
  File "/Users/lucianofeo/Desktop/golem/env/lib/python3.6/site-packages/selenium-3.6.0-py3.6.egg/selenium/webdriver/remote/webdriver.py", line 843, in find_element
    'value': value})['value']
  File "/Users/lucianofeo/Desktop/golem/env/lib/python3.6/site-packages/selenium-3.6.0-py3.6.egg/selenium/webdriver/remote/webdriver.py", line 308, in execute
    self.error_handler.check_response(response)
  File "/Users/lucianofeo/Desktop/golem/env/lib/python3.6/site-packages/selenium-3.6.0-py3.6.egg/selenium/webdriver/remote/errorhandler.py", line 194, in check_response
    raise exception_class(message, screen, stacktrace)
selenium.common.exceptions.NoSuchElementException: Message: no such element: Unable to locate element: {"method":"id","selector":"username"}
  (Session info: chrome=61.0.3163.100)
  (Driver info: chromedriver=2.32.498537 (cb2f855cbc7b82e20387eaf9a43f6b99b6105061),platform=Mac OS X 10.12.5 x86_64)


During handling of the above exception, another exception occurred:

Traceback (most recent call last):
  File "/Users/lucianofeo/Desktop/golem/src/golem/browser.py", line 19, in _find_webelement
    webelement = root.find_element_by_id(selector_value)
  File "/Users/lucianofeo/Desktop/golem/env/lib/python3.6/site-packages/selenium-3.6.0-py3.6.egg/selenium/webdriver/remote/webdriver.py", line 341, in find_element_by_id
    return self.find_element(by=By.ID, value=id_)
  File "/Users/lucianofeo/Desktop/golem/env/lib/python3.6/site-packages/selenium-3.6.0-py3.6.egg/selenium/webdriver/remote/webdriver.py", line 843, in find_element
    'value': value})['value']
  File "/Users/lucianofeo/Desktop/golem/env/lib/python3.6/site-packages/selenium-3.6.0-py3.6.egg/selenium/webdriver/remote/webdriver.py", line 308, in execute
    self.error_handler.check_response(response)
  File "/Users/lucianofeo/Desktop/golem/env/lib/python3.6/site-packages/selenium-3.6.0-py3.6.egg/selenium/webdriver/remote/errorhandler.py", line 194, in check_response
    raise exception_class(message, screen, stacktrace)
selenium.common.exceptions.NoSuchElementException: Message: no such element: Unable to locate element: {"method":"id","selector":"username"}
  (Session info: chrome=61.0.3163.100)
  (Driver info: chromedriver=2.32.498537 (cb2f855cbc7b82e20387eaf9a43f6b99b6105061),platform=Mac OS X 10.12.5 x86_64)


During handling of the above exception, another exception occurred:

Traceback (most recent call last):
  File "/Users/lucianofeo/Desktop/golem/src/golem/browser.py", line 19, in _find_webelement
    webelement = root.find_element_by_id(selector_value)
  File "/Users/lucianofeo/Desktop/golem/env/lib/python3.6/site-packages/selenium-3.6.0-py3.6.egg/selenium/webdriver/remote/webdriver.py", line 341, in find_element_by_id
    return self.find_element(by=By.ID, value=id_)
  File "/Users/lucianofeo/Desktop/golem/env/lib/python3.6/site-packages/selenium-3.6.0-py3.6.egg/selenium/webdriver/remote/webdriver.py", line 843, in find_element
    'value': value})['value']
  File "/Users/lucianofeo/Desktop/golem/env/lib/python3.6/site-packages/selenium-3.6.0-py3.6.egg/selenium/webdriver/remote/webdriver.py", line 308, in execute
    self.error_handler.check_response(response)
  File "/Users/lucianofeo/Desktop/golem/env/lib/python3.6/site-packages/selenium-3.6.0-py3.6.egg/selenium/webdriver/remote/errorhandler.py", line 194, in check_response
    raise exception_class(message, screen, stacktrace)
selenium.common.exceptions.NoSuchElementException: Message: no such element: Unable to locate element: {"method":"id","selector":"username"}
  (Session info: chrome=61.0.3163.100)
  (Driver info: chromedriver=2.32.498537 (cb2f855cbc7b82e20387eaf9a43f6b99b6105061),platform=Mac OS X 10.12.5 x86_64)


During handling of the above exception, another exception occurred:

Traceback (most recent call last):
  File "/Users/lucianofeo/Desktop/golem/src/golem/browser.py", line 19, in _find_webelement
    webelement = root.find_element_by_id(selector_value)
  File "/Users/lucianofeo/Desktop/golem/env/lib/python3.6/site-packages/selenium-3.6.0-py3.6.egg/selenium/webdriver/remote/webdriver.py", line 341, in find_element_by_id
    return self.find_element(by=By.ID, value=id_)
  File "/Users/lucianofeo/Desktop/golem/env/lib/python3.6/site-packages/selenium-3.6.0-py3.6.egg/selenium/webdriver/remote/webdriver.py", line 843, in find_element
    'value': value})['value']
  File "/Users/lucianofeo/Desktop/golem/env/lib/python3.6/site-packages/selenium-3.6.0-py3.6.egg/selenium/webdriver/remote/webdriver.py", line 308, in execute
    self.error_handler.check_response(response)
  File "/Users/lucianofeo/Desktop/golem/env/lib/python3.6/site-packages/selenium-3.6.0-py3.6.egg/selenium/webdriver/remote/errorhandler.py", line 194, in check_response
    raise exception_class(message, screen, stacktrace)
selenium.common.exceptions.NoSuchElementException: Message: no such element: Unable to locate element: {"method":"id","selector":"username"}
  (Session info: chrome=61.0.3163.100)
  (Driver info: chromedriver=2.32.498537 (cb2f855cbc7b82e20387eaf9a43f6b99b6105061),platform=Mac OS X 10.12.5 x86_64)


During handling of the above exception, another exception occurred:

Traceback (most recent call last):
  File "/Users/lucianofeo/Desktop/golem/src/golem/browser.py", line 19, in _find_webelement
    webelement = root.find_element_by_id(selector_value)
  File "/Users/lucianofeo/Desktop/golem/env/lib/python3.6/site-packages/selenium-3.6.0-py3.6.egg/selenium/webdriver/remote/webdriver.py", line 341, in find_element_by_id
    return self.find_element(by=By.ID, value=id_)
  File "/Users/lucianofeo/Desktop/golem/env/lib/python3.6/site-packages/selenium-3.6.0-py3.6.egg/selenium/webdriver/remote/webdriver.py", line 843, in find_element
    'value': value})['value']
  File "/Users/lucianofeo/Desktop/golem/env/lib/python3.6/site-packages/selenium-3.6.0-py3.6.egg/selenium/webdriver/remote/webdriver.py", line 308, in execute
    self.error_handler.check_response(response)
  File "/Users/lucianofeo/Desktop/golem/env/lib/python3.6/site-packages/selenium-3.6.0-py3.6.egg/selenium/webdriver/remote/errorhandler.py", line 194, in check_response
    raise exception_class(message, screen, stacktrace)
selenium.common.exceptions.NoSuchElementException: Message: no such element: Unable to locate element: {"method":"id","selector":"username"}
  (Session info: chrome=61.0.3163.100)
  (Driver info: chromedriver=2.32.498537 (cb2f855cbc7b82e20387eaf9a43f6b99b6105061),platform=Mac OS X 10.12.5 x86_64)


During handling of the above exception, another exception occurred:

Traceback (most recent call last):
  File "/Users/lucianofeo/Desktop/golem/src/golem/browser.py", line 19, in _find_webelement
    webelement = root.find_element_by_id(selector_value)
  File "/Users/lucianofeo/Desktop/golem/env/lib/python3.6/site-packages/selenium-3.6.0-py3.6.egg/selenium/webdriver/remote/webdriver.py", line 341, in find_element_by_id
    return self.find_element(by=By.ID, value=id_)
  File "/Users/lucianofeo/Desktop/golem/env/lib/python3.6/site-packages/selenium-3.6.0-py3.6.egg/selenium/webdriver/remote/webdriver.py", line 843, in find_element
    'value': value})['value']
  File "/Users/lucianofeo/Desktop/golem/env/lib/python3.6/site-packages/selenium-3.6.0-py3.6.egg/selenium/webdriver/remote/webdriver.py", line 308, in execute
    self.error_handler.check_response(response)
  File "/Users/lucianofeo/Desktop/golem/env/lib/python3.6/site-packages/selenium-3.6.0-py3.6.egg/selenium/webdriver/remote/errorhandler.py", line 194, in check_response
    raise exception_class(message, screen, stacktrace)
selenium.common.exceptions.NoSuchElementException: Message: no such element: Unable to locate element: {"method":"id","selector":"username"}
  (Session info: chrome=61.0.3163.100)
  (Driver info: chromedriver=2.32.498537 (cb2f855cbc7b82e20387eaf9a43f6b99b6105061),platform=Mac OS X 10.12.5 x86_64)


During handling of the above exception, another exception occurred:

Traceback (most recent call last):
  File "/Users/lucianofeo/Desktop/golem/src/golem/browser.py", line 19, in _find_webelement
    webelement = root.find_element_by_id(selector_value)
  File "/Users/lucianofeo/Desktop/golem/env/lib/python3.6/site-packages/selenium-3.6.0-py3.6.egg/selenium/webdriver/remote/webdriver.py", line 341, in find_element_by_id
    return self.find_element(by=By.ID, value=id_)
  File "/Users/lucianofeo/Desktop/golem/env/lib/python3.6/site-packages/selenium-3.6.0-py3.6.egg/selenium/webdriver/remote/webdriver.py", line 843, in find_element
    'value': value})['value']
  File "/Users/lucianofeo/Desktop/golem/env/lib/python3.6/site-packages/selenium-3.6.0-py3.6.egg/selenium/webdriver/remote/webdriver.py", line 308, in execute
    self.error_handler.check_response(response)
  File "/Users/lucianofeo/Desktop/golem/env/lib/python3.6/site-packages/selenium-3.6.0-py3.6.egg/selenium/webdriver/remote/errorhandler.py", line 194, in check_response
    raise exception_class(message, screen, stacktrace)
selenium.common.exceptions.NoSuchElementException: Message: no such element: Unable to locate element: {"method":"id","selector":"username"}
  (Session info: chrome=61.0.3163.100)
  (Driver info: chromedriver=2.32.498537 (cb2f855cbc7b82e20387eaf9a43f6b99b6105061),platform=Mac OS X 10.12.5 x86_64)


During handling of the above exception, another exception occurred:

Traceback (most recent call last):
  File "/Users/lucianofeo/Desktop/golem/src/golem/browser.py", line 19, in _find_webelement
    webelement = root.find_element_by_id(selector_value)
  File "/Users/lucianofeo/Desktop/golem/env/lib/python3.6/site-packages/selenium-3.6.0-py3.6.egg/selenium/webdriver/remote/webdriver.py", line 341, in find_element_by_id
    return self.find_element(by=By.ID, value=id_)
  File "/Users/lucianofeo/Desktop/golem/env/lib/python3.6/site-packages/selenium-3.6.0-py3.6.egg/selenium/webdriver/remote/webdriver.py", line 843, in find_element
    'value': value})['value']
  File "/Users/lucianofeo/Desktop/golem/env/lib/python3.6/site-packages/selenium-3.6.0-py3.6.egg/selenium/webdriver/remote/webdriver.py", line 308, in execute
    self.error_handler.check_response(response)
  File "/Users/lucianofeo/Desktop/golem/env/lib/python3.6/site-packages/selenium-3.6.0-py3.6.egg/selenium/webdriver/remote/errorhandler.py", line 194, in check_response
    raise exception_class(message, screen, stacktrace)
selenium.common.exceptions.NoSuchElementException: Message: no such element: Unable to locate element: {"method":"id","selector":"username"}
  (Session info: chrome=61.0.3163.100)
  (Driver info: chromedriver=2.32.498537 (cb2f855cbc7b82e20387eaf9a43f6b99b6105061),platform=Mac OS X 10.12.5 x86_64)


During handling of the above exception, another exception occurred:

Traceback (most recent call last):
  File "/Users/lucianofeo/Desktop/golem/src/golem/browser.py", line 19, in _find_webelement
    webelement = root.find_element_by_id(selector_value)
  File "/Users/lucianofeo/Desktop/golem/env/lib/python3.6/site-packages/selenium-3.6.0-py3.6.egg/selenium/webdriver/remote/webdriver.py", line 341, in find_element_by_id
    return self.find_element(by=By.ID, value=id_)
  File "/Users/lucianofeo/Desktop/golem/env/lib/python3.6/site-packages/selenium-3.6.0-py3.6.egg/selenium/webdriver/remote/webdriver.py", line 843, in find_element
    'value': value})['value']
  File "/Users/lucianofeo/Desktop/golem/env/lib/python3.6/site-packages/selenium-3.6.0-py3.6.egg/selenium/webdriver/remote/webdriver.py", line 308, in execute
    self.error_handler.check_response(response)
  File "/Users/lucianofeo/Desktop/golem/env/lib/python3.6/site-packages/selenium-3.6.0-py3.6.egg/selenium/webdriver/remote/errorhandler.py", line 194, in check_response
    raise exception_class(message, screen, stacktrace)
selenium.common.exceptions.NoSuchElementException: Message: no such element: Unable to locate element: {"method":"id","selector":"username"}
  (Session info: chrome=61.0.3163.100)
  (Driver info: chromedriver=2.32.498537 (cb2f855cbc7b82e20387eaf9a43f6b99b6105061),platform=Mac OS X 10.12.5 x86_64)


During handling of the above exception, another exception occurred:

Traceback (most recent call last):
  File "/Users/lucianofeo/Desktop/golem/src/golem/browser.py", line 19, in _find_webelement
    webelement = root.find_element_by_id(selector_value)
  File "/Users/lucianofeo/Desktop/golem/env/lib/python3.6/site-packages/selenium-3.6.0-py3.6.egg/selenium/webdriver/remote/webdriver.py", line 341, in find_element_by_id
    return self.find_element(by=By.ID, value=id_)
  File "/Users/lucianofeo/Desktop/golem/env/lib/python3.6/site-packages/selenium-3.6.0-py3.6.egg/selenium/webdriver/remote/webdriver.py", line 843, in find_element
    'value': value})['value']
  File "/Users/lucianofeo/Desktop/golem/env/lib/python3.6/site-packages/selenium-3.6.0-py3.6.egg/selenium/webdriver/remote/webdriver.py", line 308, in execute
    self.error_handler.check_response(response)
  File "/Users/lucianofeo/Desktop/golem/env/lib/python3.6/site-packages/selenium-3.6.0-py3.6.egg/selenium/webdriver/remote/errorhandler.py", line 194, in check_response
    raise exception_class(message, screen, stacktrace)
selenium.common.exceptions.NoSuchElementException: Message: no such element: Unable to locate element: {"method":"id","selector":"username"}
  (Session info: chrome=61.0.3163.100)
  (Driver info: chromedriver=2.32.498537 (cb2f855cbc7b82e20387eaf9a43f6b99b6105061),platform=Mac OS X 10.12.5 x86_64)


During handling of the above exception, another exception occurred:

Traceback (most recent call last):
  File "/Users/lucianofeo/Desktop/golem/src/golem/test_runner/test_runner.py", line 109, in run_test
    test_module.setup(execution.data)
  File "/Users/lucianofeo/Desktop/golem/example/projects/golem/tests/test_page/add_action_to_test.py", line 11, in setup
    login.do_login('admin', 'admin')
  File "/Users/lucianofeo/Desktop/golem/example/projects/golem/pages/login.py", line 14, in do_login
    actions.send_keys(username_input, username)
  File "/Users/lucianofeo/Desktop/golem/src/golem/actions.py", line 226, in send_keys
    webelement = get_browser().find(element)
  File "/Users/lucianofeo/Desktop/golem/src/golem/browser.py", line 114, in _find
    element_name, timeout)
  File "/Users/lucianofeo/Desktop/golem/src/golem/browser.py", line 45, in _find_webelement
    element_name, remaining_time)
  File "/Users/lucianofeo/Desktop/golem/src/golem/browser.py", line 45, in _find_webelement
    element_name, remaining_time)
  File "/Users/lucianofeo/Desktop/golem/src/golem/browser.py", line 45, in _find_webelement
    element_name, remaining_time)
  [Previous line repeated 35 more times]
  File "/Users/lucianofeo/Desktop/golem/src/golem/browser.py", line 48, in _find_webelement
    .format(element_name, selector_type, selector_value))
golem.core.exceptions.ElementNotFound: Element username not found using selector id:'username'
2017-10-11 19:19:06,284 golem INFO Close driver
