20:59:30.248 INFO Test execution started: project/add_directory_to_pages
20:59:30.248 INFO Browser: chrome
20:59:30.249 INFO Environment: test
20:59:30.249 INFO Using data: 
    url: http://localhost:8000

20:59:32.305 INFO Navigate to: 'http://localhost:8000'
20:59:32.418 INFO Write 'admin' in element username
20:59:32.495 INFO Write 'admin' in element password
20:59:32.531 INFO Click login_button
20:59:32.884 INFO Random value generated: ysuhm
20:59:32.884 INFO Store value ysuhm in key directory_name
20:59:33.234 INFO Write 'ysuhm/' in element None
20:59:33.234 INFO Press key: ENTER
20:59:33.251 INFO Waiting for 3 seconds
20:59:36.284 INFO Assert that 0 equals 1
20:59:36.285 INFO Take screenshot error
20:59:36.811 ERROR An error ocurred:
Traceback (most recent call last):
  File "/Users/lucianofeo/Desktop/golem/src/golem/test_runner/test_runner.py", line 115, in run_test
    test_module.test(execution.data)
  File "/Users/lucianofeo/Desktop/golem/example/projects/golem/tests/project/add_directory_to_pages.py", line 17, in test
    project.verify_page_directory_exists(data.directory_name)
  File "/Users/lucianofeo/Desktop/golem/example/projects/golem/pages/project.py", line 101, in verify_page_directory_exists
    actions.assert_equals(len(tree_elements), 1)
  File "/Users/lucianofeo/Desktop/golem/src/golem/actions.py", line 56, in assert_equals
    raise Exception('Expected {} to equal {}'.format(actual_value, expected_value))
Exception: Expected 0 to equal 1
20:59:36.812 INFO Close driver
