{
    "test_case": "project.add_directory_to_pages",
    "result": "fail",
    "steps": [
        "Navigate to: 'http://localhost:8000'",
        "Write 'admin' in element username",
        "Write 'admin' in element password",
        "Click login_button",
        "Access project test",
        "Write 'dfyrc/' in element None",
        "Press key: ENTER",
        "Assert that 0 equals 1",
        "error__9110cabe"
    ],
    "description": "Verify that the user can add a directory in the pages section by appending '\\' at the end",
    "error": "Traceback (most recent call last):\n  File \"/Users/lucianofeo/Desktop/golem/src/golem/test_runner/test_runner.py\", line 115, in run_test\n    test_module.test(execution.data)\n  File \"/Users/lucianofeo/Desktop/golem/example/projects/golem/tests/project/add_directory_to_pages.py\", line 17, in test\n    project.verify_page_directory_exists(data.directory_name)\n  File \"/Users/lucianofeo/Desktop/golem/example/projects/golem/pages/project.py\", line 101, in verify_page_directory_exists\n    actions.assert_equals(len(tree_elements), 1)\n  File \"/Users/lucianofeo/Desktop/golem/src/golem/actions.py\", line 56, in assert_equals\n    raise Exception('Expected {} to equal {}'.format(actual_value, expected_value))\nException: Expected 0 to equal 1\n",
    "short_error": "Exception: Expected 0 to equal 1\n",
    "test_elapsed_time": 6.59,
    "test_timestamp": "2017.10.09.20.47.36.678",
    "browser": "chrome",
    "test_data": {
        "env": "{'url': 'http://localhost:8000', 'name': 'test'}",
        "directory_name": "'dfyrc'"
    },
    "environment": "test"
}