13:25:00.566 INFO Test execution started: api.project.get_tests
13:25:00.567 INFO Browser: chrome-headless
13:25:00.567 INFO Environment: test
13:25:00.568 INFO Using data: 
    url: http://localhost:8000

13:25:00.571 INFO Make POST request to http://localhost:8000/project/get_tests/
13:25:00.597 INFO Store value <Response [500]> in key last_response
13:25:00.597 INFO Assert that 500 equals 200
13:25:00.598 ERROR An error ocurred:
Traceback (most recent call last):
  File "/Users/lucianofeo/Desktop/golem/src/golem/test_runner/test_runner.py", line 114, in run_test
    test_module.test(execution.data)
  File "/Users/lucianofeo/Desktop/golem/example/projects/golem/tests/api/project/get_tests.py", line 11, in test
    assert_equals(data.last_response.status_code, 200)
  File "/Users/lucianofeo/Desktop/golem/src/golem/actions.py", line 56, in assert_equals
    raise Exception('Expected {} to equal {}'.format(actual_value, expected_value))
Exception: Expected 500 to equal 200
