21:12:18.854 INFO Test execution started: project/add_directory_to_pages
21:12:18.854 INFO Browser: chrome
21:12:18.855 INFO Environment: test
21:12:18.855 INFO Using data: 
    url: http://localhost:8000

21:12:20.936 INFO Navigate to: 'http://localhost:8000'
21:12:21.044 INFO Write 'admin' in element username
21:12:21.120 INFO Write 'admin' in element password
21:12:21.156 INFO Click login_button
21:12:21.539 INFO Random value generated: ktkpj
21:12:21.540 INFO Store value ktkpj in key directory_name
21:12:21.922 INFO Write 'ktkpj/' in element None
21:12:21.923 INFO Press key: ENTER
21:12:21.937 INFO Waiting for 3 seconds
21:12:24.973 INFO Assert that 0 equals 1
21:12:24.974 INFO Take screenshot error
21:12:25.503 ERROR An error ocurred:
Traceback (most recent call last):
  File "/Users/lucianofeo/Desktop/golem/src/golem/test_runner/test_runner.py", line 115, in run_test
    test_module.test(execution.data)
  File "/Users/lucianofeo/Desktop/golem/example/projects/golem/tests/project/add_directory_to_pages.py", line 17, in test
    project.verify_page_directory_exists(data.directory_name)
  File "/Users/lucianofeo/Desktop/golem/example/projects/golem/pages/project.py", line 100, in verify_page_directory_exists
    actions.assert_equals(len(tree_elements), 1)
  File "/Users/lucianofeo/Desktop/golem/src/golem/actions.py", line 56, in assert_equals
    raise Exception('Expected {} to equal {}'.format(actual_value, expected_value))
Exception: Expected 0 to equal 1
21:12:25.504 INFO Close driver
