19:57:59.213 INFO Test execution started: project/add_page
19:57:59.213 INFO Browser: chrome
19:57:59.214 INFO Environment: test
19:57:59.214 INFO Using data: 
    url: http://localhost:8000

19:58:01.309 INFO Navigate to: 'http://localhost:8000'
19:58:01.414 INFO Write 'admin' in element username
19:58:01.490 INFO Write 'admin' in element password
19:58:01.539 INFO Click login_button
19:58:01.872 INFO Random value generated: ptjgw
19:58:01.873 INFO Store value ptjgw in key page_name
19:58:02.235 INFO Write 'ptjgw' in element None
19:58:02.236 INFO Waiting for 5 seconds
19:58:07.272 INFO Take screenshot error
19:58:07.818 ERROR An error ocurred:
Traceback (most recent call last):
  File "/Users/lucianofeo/Desktop/golem/src/golem/test_runner/test_runner.py", line 115, in run_test
    test_module.test(execution.data)
  File "/Users/lucianofeo/Desktop/golem/example/projects/golem/tests/project/add_page.py", line 17, in test
    project.verify_page_exists(data.page_name)
  File "/Users/lucianofeo/Desktop/golem/example/projects/golem/pages/project.py", line 130, in verify_page_exists
    raise Exception('Page {} was not found'.format(dir_name))
Exception: Page ptjgw was not found
19:58:07.819 INFO Close driver
