20:39:42.629 INFO Test execution started: project/add_directory_to_pages
20:39:42.630 INFO Browser: chrome
20:39:42.630 INFO Environment: test
20:39:42.631 INFO Using data: 
    url: http://localhost:8000

20:39:44.746 INFO Navigate to: 'http://localhost:8000'
20:39:44.860 INFO Write 'admin' in element username
20:39:44.941 INFO Write 'admin' in element password
20:39:44.991 INFO Click login_button
20:39:45.463 INFO Random value generated: rvgfm
20:39:45.463 INFO Store value rvgfm in key directory_name
20:39:45.711 INFO Write 'rvgfm/' in element None
20:39:45.712 INFO Press key: ENTER
20:39:45.730 INFO Waiting for 1 seconds
20:39:46.760 INFO Assert that 0 equals 1
20:39:46.761 INFO Take screenshot error
20:39:47.313 ERROR An error ocurred:
Traceback (most recent call last):
  File "/Users/lucianofeo/Desktop/golem/src/golem/test_runner/test_runner.py", line 115, in run_test
    test_module.test(execution.data)
  File "/Users/lucianofeo/Desktop/golem/example/projects/golem/tests/project/add_directory_to_pages.py", line 17, in test
    project.verify_page_directory_exists(data.directory_name)
  File "/Users/lucianofeo/Desktop/golem/example/projects/golem/pages/project.py", line 121, in verify_page_directory_exists
    actions.assert_equals(len(tree_elements), 1)
  File "/Users/lucianofeo/Desktop/golem/src/golem/actions.py", line 56, in assert_equals
    raise Exception('Expected {} to equal {}'.format(actual_value, expected_value))
Exception: Expected 0 to equal 1
20:39:47.313 INFO Close driver
