2017-10-09 21:06:23,442 golem INFO Test execution started: project/add_directory_to_pages
2017-10-09 21:06:23,443 golem INFO Browser: chrome
2017-10-09 21:06:23,443 golem INFO Environment: test
2017-10-09 21:06:23,443 golem INFO Using data: 
    url: http://localhost:8000

2017-10-09 21:06:25,554 golem INFO Navigate to: 'http://localhost:8000'
2017-10-09 21:06:25,577 golem DEBUG Element found
2017-10-09 21:06:25,663 golem INFO Write 'admin' in element username
2017-10-09 21:06:25,680 golem DEBUG Element found
2017-10-09 21:06:25,744 golem INFO Write 'admin' in element password
2017-10-09 21:06:25,768 golem DEBUG Element found
2017-10-09 21:06:25,788 golem INFO Click login_button
2017-10-09 21:06:26,281 golem INFO Random value generated: gwygv
2017-10-09 21:06:26,281 golem INFO Store value gwygv in key directory_name
2017-10-09 21:06:26,313 golem DEBUG Element found
2017-10-09 21:06:26,347 golem DEBUG Element found
2017-10-09 21:06:26,378 golem DEBUG Element found
2017-10-09 21:06:26,455 golem DEBUG Element found
2017-10-09 21:06:26,521 golem INFO Write 'gwygv/' in element None
2017-10-09 21:06:26,521 golem INFO Press key: ENTER
2017-10-09 21:06:26,541 golem DEBUG Element found
2017-10-09 21:06:26,568 golem INFO Assert that 0 equals 1
2017-10-09 21:06:26,569 golem INFO Take screenshot error
2017-10-09 21:06:27,091 golem ERROR An error ocurred:
Traceback (most recent call last):
  File "/Users/lucianofeo/Desktop/golem/src/golem/test_runner/test_runner.py", line 115, in run_test
    test_module.test(execution.data)
  File "/Users/lucianofeo/Desktop/golem/example/projects/golem/tests/project/add_directory_to_pages.py", line 17, in test
    project.verify_page_directory_exists(data.directory_name)
  File "/Users/lucianofeo/Desktop/golem/example/projects/golem/pages/project.py", line 99, in verify_page_directory_exists
    actions.assert_equals(len(tree_elements), 1)
  File "/Users/lucianofeo/Desktop/golem/src/golem/actions.py", line 56, in assert_equals
    raise Exception('Expected {} to equal {}'.format(actual_value, expected_value))
Exception: Expected 0 to equal 1
2017-10-09 21:06:27,091 golem INFO Close driver
