21:06:23.442 INFO Test execution started: project/add_directory_to_pages
21:06:23.443 INFO Browser: chrome
21:06:23.443 INFO Environment: test
21:06:23.443 INFO Using data: 
    url: http://localhost:8000

21:06:25.554 INFO Navigate to: 'http://localhost:8000'
21:06:25.663 INFO Write 'admin' in element username
21:06:25.744 INFO Write 'admin' in element password
21:06:25.788 INFO Click login_button
21:06:26.281 INFO Random value generated: gwygv
21:06:26.281 INFO Store value gwygv in key directory_name
21:06:26.521 INFO Write 'gwygv/' in element None
21:06:26.521 INFO Press key: ENTER
21:06:26.568 INFO Assert that 0 equals 1
21:06:26.569 INFO Take screenshot error
21:06:27.091 ERROR An error ocurred:
Traceback (most recent call last):
  File "/Users/lucianofeo/Desktop/golem/src/golem/test_runner/test_runner.py", line 115, in run_test
    test_module.test(execution.data)
  File "/Users/lucianofeo/Desktop/golem/example/projects/golem/tests/project/add_directory_to_pages.py", line 17, in test
    project.verify_page_directory_exists(data.directory_name)
  File "/Users/lucianofeo/Desktop/golem/example/projects/golem/pages/project.py", line 99, in verify_page_directory_exists
    actions.assert_equals(len(tree_elements), 1)
  File "/Users/lucianofeo/Desktop/golem/src/golem/actions.py", line 56, in assert_equals
    raise Exception('Expected {} to equal {}'.format(actual_value, expected_value))
Exception: Expected 0 to equal 1
21:06:27.091 INFO Close driver
