2017-10-09 21:09:07,196 golem INFO Test execution started: project/add_directory_to_pages
2017-10-09 21:09:07,197 golem INFO Browser: chrome
2017-10-09 21:09:07,197 golem INFO Environment: test
2017-10-09 21:09:07,197 golem INFO Using data: 
    url: http://localhost:8000

2017-10-09 21:09:09,304 golem INFO Navigate to: 'http://localhost:8000'
2017-10-09 21:09:09,322 golem DEBUG Element found
2017-10-09 21:09:09,409 golem INFO Write 'admin' in element username
2017-10-09 21:09:09,425 golem DEBUG Element found
2017-10-09 21:09:09,495 golem INFO Write 'admin' in element password
2017-10-09 21:09:09,510 golem DEBUG Element found
2017-10-09 21:09:09,535 golem INFO Click login_button
2017-10-09 21:09:09,893 golem INFO Random value generated: afmyd
2017-10-09 21:09:09,893 golem INFO Store value afmyd in key directory_name
2017-10-09 21:09:10,035 golem DEBUG Element found
2017-10-09 21:09:10,077 golem DEBUG Element found
2017-10-09 21:09:10,110 golem DEBUG Element found
2017-10-09 21:09:10,197 golem DEBUG Element found
2017-10-09 21:09:10,268 golem INFO Write 'afmyd/' in element None
2017-10-09 21:09:10,268 golem INFO Press key: ENTER
2017-10-09 21:09:10,285 golem INFO Waiting for 3 seconds
2017-10-09 21:09:13,293 golem DEBUG Element found
2017-10-09 21:09:13,318 golem INFO Assert that 0 equals 1
2017-10-09 21:09:13,319 golem INFO Take screenshot error
2017-10-09 21:09:13,875 golem ERROR An error ocurred:
Traceback (most recent call last):
  File "/Users/lucianofeo/Desktop/golem/src/golem/test_runner/test_runner.py", line 115, in run_test
    test_module.test(execution.data)
  File "/Users/lucianofeo/Desktop/golem/example/projects/golem/tests/project/add_directory_to_pages.py", line 17, in test
    project.verify_page_directory_exists(data.directory_name)
  File "/Users/lucianofeo/Desktop/golem/example/projects/golem/pages/project.py", line 100, in verify_page_directory_exists
    actions.assert_equals(len(tree_elements), 1)
  File "/Users/lucianofeo/Desktop/golem/src/golem/actions.py", line 56, in assert_equals
    raise Exception('Expected {} to equal {}'.format(actual_value, expected_value))
Exception: Expected 0 to equal 1
2017-10-09 21:09:13,875 golem INFO Close driver
